
[1;37m[ Lynis 1.6.3 ][0;39m

################################################################################
 Lynis comes with ABSOLUTELY NO WARRANTY. This is free software, and you are
 welcome to redistribute it under the terms of the GNU General Public License.
 See the LICENSE file for details about using this software.

 Copyright 2007-2014 - Michael Boelen, http://cisofy.com
 Enterprise support and plugins available via CISOfy - http://cisofy.com
################################################################################

[+] [1;33mInitializing program[0;39m
------------------------------------
  [1;37mScan options:[0;39m
    --auditor "<name>"            : Auditor name
    --check-all (-c)              : Check system
    --no-log                      : Don't create a log file
    --pentest                     : Non-privileged scan (useful for pentest)
    --profile <profile>           : Scan the system with the given profile file
    --quick (-Q)                  : Quick mode, don't wait for user input
    --tests "<tests>"             : Run only tests defined by <tests>
    --tests-category "<category>" : Run only tests defined by <category>

  [1;37mLayout options:[0;39m
    --no-colors                   : Don't use colors in output
    --quiet (-q)                  : No output, except warnings
    --reverse-colors              : Optimize color display for light backgrounds

  [1;37mMisc options:[0;39m
    --check-update                : Check for updates
    --debug                       : Debug logging to screen
    --view-manpage (--man)        : View man page
    --version (-V)                : Display version number and quit

  [1;32mEnterprise options:[0;39m
    --plugin-dir "<path">         : Define path of available plugins
    --upload                      : Upload data to central node

  [1;31mError[0;39m: [1;37mInvalid option system![0;39m
  See man page and documentation for all available options.

Exiting..
