This file contains any messages produced by compilers while
running configure, to aid debugging if configure makes a mistake.

It was created by Snoopy Command Logger configure 2.5.1, which was
generated by GNU Autoconf 2.69.  Invocation command line was

  $ ./configure --enable-config-file --sysconfdir=/etc --enable-filtering

## --------- ##
## Platform. ##
## --------- ##

hostname = Debian11
uname -m = x86_64
uname -r = 5.10.0-28-amd64
uname -s = Linux
uname -v = #1 SMP Debian 5.10.209-2 (2024-01-31)

/usr/bin/uname -p = unknown
/bin/uname -X     = unknown

/bin/arch              = x86_64
/usr/bin/arch -k       = unknown
/usr/convex/getsysinfo = unknown
/usr/bin/hostinfo      = unknown
/bin/machine           = unknown
/usr/bin/oslevel       = unknown
/bin/universe          = unknown

PATH: /usr/local/sbin
PATH: /usr/local/bin
PATH: /usr/sbin
PATH: /usr/bin
PATH: /sbin
PATH: /bin


## ----------- ##
## Core tests. ##
## ----------- ##

configure:3044: checking for a BSD-compatible install
configure:3112: result: /usr/bin/install -c
configure:3123: checking whether build environment is sane
configure:3178: result: yes
configure:3329: checking for a thread-safe mkdir -p
configure:3368: result: /usr/bin/mkdir -p
configure:3375: checking for gawk
configure:3405: result: no
configure:3375: checking for mawk
configure:3391: found /usr/bin/mawk
configure:3402: result: mawk
configure:3413: checking whether make sets $(MAKE)
configure:3435: result: yes
configure:3464: checking whether make supports nested variables
configure:3481: result: yes
configure:3625: checking whether make supports nested variables
configure:3642: result: yes
configure:3659: checking whether make supports the include directive
configure:3674: make -f confmf.GNU && cat confinc.out
this is the am__doit target
configure:3677: $? = 0
configure:3696: result: yes (GNU style)
configure:3766: checking for gcc
configure:3782: found /usr/bin/gcc
configure:3793: result: gcc
configure:4022: checking for C compiler version
configure:4031: gcc --version >&5
gcc (Debian 10.2.1-6) 10.2.1 20210110
Copyright (C) 2020 Free Software Foundation, Inc.
This is free software; see the source for copying conditions.  There is NO
warranty; not even for MERCHANTABILITY or FITNESS FOR A PARTICULAR PURPOSE.

configure:4042: $? = 0
configure:4031: gcc -v >&5
Using built-in specs.
COLLECT_GCC=gcc
COLLECT_LTO_WRAPPER=/usr/lib/gcc/x86_64-linux-gnu/10/lto-wrapper
OFFLOAD_TARGET_NAMES=nvptx-none:amdgcn-amdhsa:hsa
OFFLOAD_TARGET_DEFAULT=1
Target: x86_64-linux-gnu
Configured with: ../src/configure -v --with-pkgversion='Debian 10.2.1-6' --with-bugurl=file:///usr/share/doc/gcc-10/README.Bugs --enable-languages=c,ada,c++,go,brig,d,fortran,objc,obj-c++,m2 --prefix=/usr --with-gcc-major-version-only --program-suffix=-10 --program-prefix=x86_64-linux-gnu- --enable-shared --enable-linker-build-id --libexecdir=/usr/lib --without-included-gettext --enable-threads=posix --libdir=/usr/lib --enable-nls --enable-bootstrap --enable-clocale=gnu --enable-libstdcxx-debug --enable-libstdcxx-time=yes --with-default-libstdcxx-abi=new --enable-gnu-unique-object --disable-vtable-verify --enable-plugin --enable-default-pie --with-system-zlib --enable-libphobos-checking=release --with-target-system-zlib=auto --enable-objc-gc=auto --enable-multiarch --disable-werror --with-arch-32=i686 --with-abi=m64 --with-multilib-list=m32,m64,mx32 --enable-multilib --with-tune=generic --enable-offload-targets=nvptx-none=/build/gcc-10-Km9U7s/gcc-10-10.2.1/debian/tmp-nvptx/usr,amdgcn-amdhsa=/build/gcc-10-Km9U7s/gcc-10-10.2.1/debian/tmp-gcn/usr,hsa --without-cuda-driver --enable-checking=release --build=x86_64-linux-gnu --host=x86_64-linux-gnu --target=x86_64-linux-gnu --with-build-config=bootstrap-lto-lean --enable-link-mutex
Thread model: posix
Supported LTO compression algorithms: zlib zstd
gcc version 10.2.1 20210110 (Debian 10.2.1-6) 
... rest of stderr output deleted ...
configure:4042: $? = 0
configure:4031: gcc -V >&5
gcc: error: unrecognized command-line option '-V'
gcc: fatal error: no input files
compilation terminated.
configure:4042: $? = 1
configure:4031: gcc -qversion >&5
gcc: error: unrecognized command-line option '-qversion'; did you mean '--version'?
gcc: fatal error: no input files
compilation terminated.
configure:4042: $? = 1
configure:4062: checking whether the C compiler works
configure:4084: gcc    conftest.c  >&5
configure:4088: $? = 0
configure:4136: result: yes
configure:4139: checking for C compiler default output file name
configure:4141: result: a.out
configure:4147: checking for suffix of executables
configure:4154: gcc -o conftest    conftest.c  >&5
configure:4158: $? = 0
configure:4180: result: 
configure:4202: checking whether we are cross compiling
configure:4210: gcc -o conftest    conftest.c  >&5
configure:4214: $? = 0
configure:4221: ./conftest
configure:4225: $? = 0
configure:4240: result: no
configure:4245: checking for suffix of object files
configure:4267: gcc -c   conftest.c >&5
configure:4271: $? = 0
configure:4292: result: o
configure:4296: checking whether we are using the GNU C compiler
configure:4315: gcc -c   conftest.c >&5
configure:4315: $? = 0
configure:4324: result: yes
configure:4333: checking whether gcc accepts -g
configure:4353: gcc -c -g  conftest.c >&5
configure:4353: $? = 0
configure:4394: result: yes
configure:4411: checking for gcc option to accept ISO C89
configure:4474: gcc  -c -g -O2  conftest.c >&5
configure:4474: $? = 0
configure:4487: result: none needed
configure:4512: checking whether gcc understands -c and -o together
configure:4534: gcc -c conftest.c -o conftest2.o
configure:4537: $? = 0
configure:4534: gcc -c conftest.c -o conftest2.o
configure:4537: $? = 0
configure:4549: result: yes
configure:4568: checking dependency style of gcc
configure:4679: result: gcc3
configure:4744: checking for ar
configure:4760: found /usr/bin/ar
configure:4771: result: ar
configure:4797: checking the archiver (ar) interface
configure:4813: gcc -c -g -O2  conftest.c >&5
configure:4813: $? = 0
configure:4815: ar cru libconftest.a conftest.o >&5
ar: `u' modifier ignored since `D' is the default (see `U')
configure:4818: $? = 0
configure:4846: result: ar
configure:4896: checking build system type
configure:4910: result: x86_64-pc-linux-gnu
configure:4930: checking host system type
configure:4943: result: x86_64-pc-linux-gnu
configure:4984: checking how to print strings
configure:5011: result: printf
configure:5032: checking for a sed that does not truncate output
configure:5096: result: /usr/bin/sed
configure:5114: checking for grep that handles long lines and -e
configure:5172: result: /usr/bin/grep
configure:5177: checking for egrep
configure:5239: result: /usr/bin/grep -E
configure:5244: checking for fgrep
configure:5306: result: /usr/bin/grep -F
configure:5341: checking for ld used by gcc
configure:5408: result: /usr/bin/ld
configure:5415: checking if the linker (/usr/bin/ld) is GNU ld
configure:5430: result: yes
configure:5442: checking for BSD- or MS-compatible name lister (nm)
configure:5496: result: /usr/bin/nm -B
configure:5626: checking the name lister (/usr/bin/nm -B) interface
configure:5633: gcc -c -g -O2  conftest.c >&5
configure:5636: /usr/bin/nm -B "conftest.o"
configure:5639: output
0000000000000000 B some_variable
configure:5646: result: BSD nm
configure:5649: checking whether ln -s works
configure:5653: result: yes
configure:5661: checking the maximum length of command line arguments
configure:5792: result: 1572864
configure:5840: checking how to convert x86_64-pc-linux-gnu file names to x86_64-pc-linux-gnu format
configure:5880: result: func_convert_file_noop
configure:5887: checking how to convert x86_64-pc-linux-gnu file names to toolchain format
configure:5907: result: func_convert_file_noop
configure:5914: checking for /usr/bin/ld option to reload object files
configure:5921: result: -r
configure:5995: checking for objdump
configure:6011: found /usr/bin/objdump
configure:6022: result: objdump
configure:6054: checking how to recognize dependent libraries
configure:6254: result: pass_all
configure:6339: checking for dlltool
configure:6369: result: no
configure:6399: checking how to associate runtime and link libraries
configure:6426: result: printf %s\n
configure:6550: checking for archiver @FILE support
configure:6567: gcc -c -g -O2  conftest.c >&5
configure:6567: $? = 0
configure:6570: ar cr libconftest.a @conftest.lst >&5
configure:6573: $? = 0
configure:6578: ar cr libconftest.a @conftest.lst >&5
ar: conftest.o: No such file or directory
configure:6581: $? = 1
configure:6593: result: @
configure:6651: checking for strip
configure:6667: found /usr/bin/strip
configure:6678: result: strip
configure:6750: checking for ranlib
configure:6766: found /usr/bin/ranlib
configure:6777: result: ranlib
configure:6879: checking command to parse /usr/bin/nm -B output from gcc object
configure:7032: gcc -c -g -O2  conftest.c >&5
configure:7035: $? = 0
configure:7039: /usr/bin/nm -B conftest.o | sed -n -e 's/^.*[	 ]\([ABCDGIRSTW][ABCDGIRSTW]*\)[	 ][	 ]*\([_A-Za-z][_A-Za-z0-9]*\)$/\1 \2 \2/p' | sed '/ __gnu_lto/d' > conftest.nm
configure:7105: gcc -o conftest -g -O2   conftest.c conftstm.o >&5
configure:7108: $? = 0
configure:7146: result: ok
configure:7193: checking for sysroot
configure:7223: result: no
configure:7230: checking for a working dd
configure:7268: result: /usr/bin/dd
configure:7272: checking how to truncate binary pipes
configure:7287: result: /usr/bin/dd bs=4096 count=1
configure:7423: gcc -c -g -O2  conftest.c >&5
configure:7426: $? = 0
configure:7616: checking for mt
configure:7632: found /usr/bin/mt
configure:7643: result: mt
configure:7666: checking if mt is a manifest tool
configure:7672: mt '-?'
configure:7680: result: no
configure:8357: checking how to run the C preprocessor
configure:8388: gcc -E  conftest.c
configure:8388: $? = 0
configure:8402: gcc -E  conftest.c
conftest.c:11:10: fatal error: ac_nonexistent.h: No such file or directory
   11 | #include <ac_nonexistent.h>
      |          ^~~~~~~~~~~~~~~~~~
compilation terminated.
configure:8402: $? = 1
configure: failed program was:
| /* confdefs.h */
| #define PACKAGE_NAME "Snoopy Command Logger"
| #define PACKAGE_TARNAME "snoopy"
| #define PACKAGE_VERSION "2.5.1"
| #define PACKAGE_STRING "Snoopy Command Logger 2.5.1"
| #define PACKAGE_BUGREPORT "https://github.com/a2o/snoopy/issues/"
| #define PACKAGE_URL "https://github.com/a2o/snoopy/"
| #define PACKAGE "snoopy"
| #define VERSION "2.5.1"
| /* end confdefs.h.  */
| #include <ac_nonexistent.h>
configure:8427: result: gcc -E
configure:8447: gcc -E  conftest.c
configure:8447: $? = 0
configure:8461: gcc -E  conftest.c
conftest.c:11:10: fatal error: ac_nonexistent.h: No such file or directory
   11 | #include <ac_nonexistent.h>
      |          ^~~~~~~~~~~~~~~~~~
compilation terminated.
configure:8461: $? = 1
configure: failed program was:
| /* confdefs.h */
| #define PACKAGE_NAME "Snoopy Command Logger"
| #define PACKAGE_TARNAME "snoopy"
| #define PACKAGE_VERSION "2.5.1"
| #define PACKAGE_STRING "Snoopy Command Logger 2.5.1"
| #define PACKAGE_BUGREPORT "https://github.com/a2o/snoopy/issues/"
| #define PACKAGE_URL "https://github.com/a2o/snoopy/"
| #define PACKAGE "snoopy"
| #define VERSION "2.5.1"
| /* end confdefs.h.  */
| #include <ac_nonexistent.h>
configure:8490: checking for ANSI C header files
configure:8510: gcc -c -g -O2  conftest.c >&5
configure:8510: $? = 0
configure:8583: gcc -o conftest -g -O2   conftest.c  >&5
configure:8583: $? = 0
configure:8583: ./conftest
configure:8583: $? = 0
configure:8594: result: yes
configure:8607: checking for sys/types.h
configure:8607: gcc -c -g -O2  conftest.c >&5
configure:8607: $? = 0
configure:8607: result: yes
configure:8607: checking for sys/stat.h
configure:8607: gcc -c -g -O2  conftest.c >&5
configure:8607: $? = 0
configure:8607: result: yes
configure:8607: checking for stdlib.h
configure:8607: gcc -c -g -O2  conftest.c >&5
configure:8607: $? = 0
configure:8607: result: yes
configure:8607: checking for string.h
configure:8607: gcc -c -g -O2  conftest.c >&5
configure:8607: $? = 0
configure:8607: result: yes
configure:8607: checking for memory.h
configure:8607: gcc -c -g -O2  conftest.c >&5
configure:8607: $? = 0
configure:8607: result: yes
configure:8607: checking for strings.h
configure:8607: gcc -c -g -O2  conftest.c >&5
configure:8607: $? = 0
configure:8607: result: yes
configure:8607: checking for inttypes.h
configure:8607: gcc -c -g -O2  conftest.c >&5
configure:8607: $? = 0
configure:8607: result: yes
configure:8607: checking for stdint.h
configure:8607: gcc -c -g -O2  conftest.c >&5
configure:8607: $? = 0
configure:8607: result: yes
configure:8607: checking for unistd.h
configure:8607: gcc -c -g -O2  conftest.c >&5
configure:8607: $? = 0
configure:8607: result: yes
configure:8621: checking for dlfcn.h
configure:8621: gcc -c -g -O2  conftest.c >&5
configure:8621: $? = 0
configure:8621: result: yes
configure:8876: checking for objdir
configure:8891: result: .libs
configure:9155: checking if gcc supports -fno-rtti -fno-exceptions
configure:9173: gcc -c -g -O2  -fno-rtti -fno-exceptions conftest.c >&5
cc1: warning: command-line option '-fno-rtti' is valid for C++/D/ObjC++ but not for C
configure:9177: $? = 0
configure:9190: result: no
configure:9554: checking for gcc option to produce PIC
configure:9561: result: -fPIC -DPIC
configure:9569: checking if gcc PIC flag -fPIC -DPIC works
configure:9587: gcc -c -g -O2  -fPIC -DPIC -DPIC conftest.c >&5
configure:9591: $? = 0
configure:9604: result: yes
configure:9633: checking if gcc static flag -static works
configure:9661: result: yes
configure:9676: checking if gcc supports -c -o file.o
configure:9697: gcc -c -g -O2  -o out/conftest2.o conftest.c >&5
configure:9701: $? = 0
configure:9723: result: yes
configure:9731: checking if gcc supports -c -o file.o
configure:9778: result: yes
configure:9811: checking whether the gcc linker (/usr/bin/ld -m elf_x86_64) supports shared libraries
configure:11074: result: yes
configure:11111: checking whether -lc should be explicitly linked in
configure:11119: gcc -c -g -O2  conftest.c >&5
configure:11122: $? = 0
configure:11137: gcc -shared  -fPIC -DPIC conftest.o  -v -Wl,-soname -Wl,conftest -o conftest 2\>\&1 \| /usr/bin/grep  -lc  \>/dev/null 2\>\&1
configure:11140: $? = 0
configure:11154: result: no
configure:11314: checking dynamic linker characteristics
configure:11895: gcc -o conftest -g -O2   -Wl,-rpath -Wl,/foo conftest.c  >&5
configure:11895: $? = 0
configure:12144: result: GNU/Linux ld.so
configure:12266: checking how to hardcode library paths into programs
configure:12291: result: immediate
configure:12839: checking whether stripping libraries is possible
configure:12844: result: yes
configure:12879: checking if libtool supports shared libraries
configure:12881: result: yes
configure:12884: checking whether to build shared libraries
configure:12909: result: yes
configure:12912: checking whether to build static libraries
configure:12916: result: no
configure:12960: checking for gawk
configure:12987: result: mawk
configure:13046: checking for gcc
configure:13073: result: gcc
configure:13302: checking for C compiler version
configure:13311: gcc --version >&5
gcc (Debian 10.2.1-6) 10.2.1 20210110
Copyright (C) 2020 Free Software Foundation, Inc.
This is free software; see the source for copying conditions.  There is NO
warranty; not even for MERCHANTABILITY or FITNESS FOR A PARTICULAR PURPOSE.

configure:13322: $? = 0
configure:13311: gcc -v >&5
Using built-in specs.
COLLECT_GCC=gcc
COLLECT_LTO_WRAPPER=/usr/lib/gcc/x86_64-linux-gnu/10/lto-wrapper
OFFLOAD_TARGET_NAMES=nvptx-none:amdgcn-amdhsa:hsa
OFFLOAD_TARGET_DEFAULT=1
Target: x86_64-linux-gnu
Configured with: ../src/configure -v --with-pkgversion='Debian 10.2.1-6' --with-bugurl=file:///usr/share/doc/gcc-10/README.Bugs --enable-languages=c,ada,c++,go,brig,d,fortran,objc,obj-c++,m2 --prefix=/usr --with-gcc-major-version-only --program-suffix=-10 --program-prefix=x86_64-linux-gnu- --enable-shared --enable-linker-build-id --libexecdir=/usr/lib --without-included-gettext --enable-threads=posix --libdir=/usr/lib --enable-nls --enable-bootstrap --enable-clocale=gnu --enable-libstdcxx-debug --enable-libstdcxx-time=yes --with-default-libstdcxx-abi=new --enable-gnu-unique-object --disable-vtable-verify --enable-plugin --enable-default-pie --with-system-zlib --enable-libphobos-checking=release --with-target-system-zlib=auto --enable-objc-gc=auto --enable-multiarch --disable-werror --with-arch-32=i686 --with-abi=m64 --with-multilib-list=m32,m64,mx32 --enable-multilib --with-tune=generic --enable-offload-targets=nvptx-none=/build/gcc-10-Km9U7s/gcc-10-10.2.1/debian/tmp-nvptx/usr,amdgcn-amdhsa=/build/gcc-10-Km9U7s/gcc-10-10.2.1/debian/tmp-gcn/usr,hsa --without-cuda-driver --enable-checking=release --build=x86_64-linux-gnu --host=x86_64-linux-gnu --target=x86_64-linux-gnu --with-build-config=bootstrap-lto-lean --enable-link-mutex
Thread model: posix
Supported LTO compression algorithms: zlib zstd
gcc version 10.2.1 20210110 (Debian 10.2.1-6) 
... rest of stderr output deleted ...
configure:13322: $? = 0
configure:13311: gcc -V >&5
gcc: error: unrecognized command-line option '-V'
gcc: fatal error: no input files
compilation terminated.
configure:13322: $? = 1
configure:13311: gcc -qversion >&5
gcc: error: unrecognized command-line option '-qversion'; did you mean '--version'?
gcc: fatal error: no input files
compilation terminated.
configure:13322: $? = 1
configure:13326: checking whether we are using the GNU C compiler
configure:13354: result: yes
configure:13363: checking whether gcc accepts -g
configure:13424: result: yes
configure:13441: checking for gcc option to accept ISO C89
configure:13517: result: none needed
configure:13542: checking whether gcc understands -c and -o together
configure:13579: result: yes
configure:13598: checking dependency style of gcc
configure:13709: result: gcc3
configure:13724: checking for grep that handles long lines and -e
configure:13782: result: /usr/bin/grep
configure:13788: checking whether ln -s works
configure:13792: result: yes
configure:13799: checking whether make sets $(MAKE)
configure:13821: result: yes
configure:13831: checking for a sed that does not truncate output
configure:13895: result: /usr/bin/sed
configure:13900: checking for BSD- or MS-compatible name lister (nm)
configure:13954: result: /usr/bin/nm -B
configure:14081: checking the name lister (/usr/bin/nm -B) interface
configure:14101: result: BSD nm
configure:14112: checking for dirname
configure:14128: found /usr/bin/dirname
configure:14139: result: yes
configure:14154: checking for gcov
configure:14170: found /usr/bin/gcov
configure:14181: result: yes
configure:14196: checking for readlink
configure:14212: found /usr/bin/readlink
configure:14223: result: yes
configure:14238: checking for socat
configure:14254: found /usr/bin/socat
configure:14265: result: yes
configure:14281: checking for ps
configure:14297: found /usr/bin/ps
configure:14308: result: yes
configure:14324: checking for wc
configure:14340: found /usr/bin/wc
configure:14351: result: yes
configure:14366: checking for dlsym in -ldl
configure:14391: gcc -o conftest -g -O2   conftest.c -ldl   >&5
configure:14391: $? = 0
configure:14400: result: yes
configure:14443: checking arpa/inet.h usability
configure:14443: gcc -c -g -O2  conftest.c >&5
configure:14443: $? = 0
configure:14443: result: yes
configure:14443: checking arpa/inet.h presence
configure:14443: gcc -E  conftest.c
configure:14443: $? = 0
configure:14443: result: yes
configure:14443: checking for arpa/inet.h
configure:14443: result: yes
configure:14443: checking ctype.h usability
configure:14443: gcc -c -g -O2  conftest.c >&5
configure:14443: $? = 0
configure:14443: result: yes
configure:14443: checking ctype.h presence
configure:14443: gcc -E  conftest.c
configure:14443: $? = 0
configure:14443: result: yes
configure:14443: checking for ctype.h
configure:14443: result: yes
configure:14443: checking for dlfcn.h
configure:14443: result: yes
configure:14443: checking errno.h usability
configure:14443: gcc -c -g -O2  conftest.c >&5
configure:14443: $? = 0
configure:14443: result: yes
configure:14443: checking errno.h presence
configure:14443: gcc -E  conftest.c
configure:14443: $? = 0
configure:14443: result: yes
configure:14443: checking for errno.h
configure:14443: result: yes
configure:14443: checking fcntl.h usability
configure:14443: gcc -c -g -O2  conftest.c >&5
configure:14443: $? = 0
configure:14443: result: yes
configure:14443: checking fcntl.h presence
configure:14443: gcc -E  conftest.c
configure:14443: $? = 0
configure:14443: result: yes
configure:14443: checking for fcntl.h
configure:14443: result: yes
configure:14443: checking features.h usability
configure:14443: gcc -c -g -O2  conftest.c >&5
configure:14443: $? = 0
configure:14443: result: yes
configure:14443: checking features.h presence
configure:14443: gcc -E  conftest.c
configure:14443: $? = 0
configure:14443: result: yes
configure:14443: checking for features.h
configure:14443: result: yes
configure:14443: checking grp.h usability
configure:14443: gcc -c -g -O2  conftest.c >&5
configure:14443: $? = 0
configure:14443: result: yes
configure:14443: checking grp.h presence
configure:14443: gcc -E  conftest.c
configure:14443: $? = 0
configure:14443: result: yes
configure:14443: checking for grp.h
configure:14443: result: yes
configure:14443: checking limits.h usability
configure:14443: gcc -c -g -O2  conftest.c >&5
configure:14443: $? = 0
configure:14443: result: yes
configure:14443: checking limits.h presence
configure:14443: gcc -E  conftest.c
configure:14443: $? = 0
configure:14443: result: yes
configure:14443: checking for limits.h
configure:14443: result: yes
configure:14443: checking pwd.h usability
configure:14443: gcc -c -g -O2  conftest.c >&5
configure:14443: $? = 0
configure:14443: result: yes
configure:14443: checking pwd.h presence
configure:14443: gcc -E  conftest.c
configure:14443: $? = 0
configure:14443: result: yes
configure:14443: checking for pwd.h
configure:14443: result: yes
configure:14443: checking stdio.h usability
configure:14443: gcc -c -g -O2  conftest.c >&5
configure:14443: $? = 0
configure:14443: result: yes
configure:14443: checking stdio.h presence
configure:14443: gcc -E  conftest.c
configure:14443: $? = 0
configure:14443: result: yes
configure:14443: checking for stdio.h
configure:14443: result: yes
configure:14443: checking stddef.h usability
configure:14443: gcc -c -g -O2  conftest.c >&5
configure:14443: $? = 0
configure:14443: result: yes
configure:14443: checking stddef.h presence
configure:14443: gcc -E  conftest.c
configure:14443: $? = 0
configure:14443: result: yes
configure:14443: checking for stddef.h
configure:14443: result: yes
configure:14443: checking for stdlib.h
configure:14443: result: yes
configure:14443: checking for string.h
configure:14443: result: yes
configure:14443: checking syslog.h usability
configure:14443: gcc -c -g -O2  conftest.c >&5
configure:14443: $? = 0
configure:14443: result: yes
configure:14443: checking syslog.h presence
configure:14443: gcc -E  conftest.c
configure:14443: $? = 0
configure:14443: result: yes
configure:14443: checking for syslog.h
configure:14443: result: yes
configure:14443: checking sys/socket.h usability
configure:14443: gcc -c -g -O2  conftest.c >&5
configure:14443: $? = 0
configure:14443: result: yes
configure:14443: checking sys/socket.h presence
configure:14443: gcc -E  conftest.c
configure:14443: $? = 0
configure:14443: result: yes
configure:14443: checking for sys/socket.h
configure:14443: result: yes
configure:14443: checking for sys/stat.h
configure:14443: result: yes
configure:14443: checking sys/syscall.h usability
configure:14443: gcc -c -g -O2  conftest.c >&5
configure:14443: $? = 0
configure:14443: result: yes
configure:14443: checking sys/syscall.h presence
configure:14443: gcc -E  conftest.c
configure:14443: $? = 0
configure:14443: result: yes
configure:14443: checking for sys/syscall.h
configure:14443: result: yes
configure:14443: checking sys/time.h usability
configure:14443: gcc -c -g -O2  conftest.c >&5
configure:14443: $? = 0
configure:14443: result: yes
configure:14443: checking sys/time.h presence
configure:14443: gcc -E  conftest.c
configure:14443: $? = 0
configure:14443: result: yes
configure:14443: checking for sys/time.h
configure:14443: result: yes
configure:14443: checking for sys/types.h
configure:14443: result: yes
configure:14443: checking sys/un.h usability
configure:14443: gcc -c -g -O2  conftest.c >&5
configure:14443: $? = 0
configure:14443: result: yes
configure:14443: checking sys/un.h presence
configure:14443: gcc -E  conftest.c
configure:14443: $? = 0
configure:14443: result: yes
configure:14443: checking for sys/un.h
configure:14443: result: yes
configure:14443: checking time.h usability
configure:14443: gcc -c -g -O2  conftest.c >&5
configure:14443: $? = 0
configure:14443: result: yes
configure:14443: checking time.h presence
configure:14443: gcc -E  conftest.c
configure:14443: $? = 0
configure:14443: result: yes
configure:14443: checking for time.h
configure:14443: result: yes
configure:14443: checking for unistd.h
configure:14443: result: yes
configure:14443: checking utmp.h usability
configure:14443: gcc -c -g -O2  conftest.c >&5
configure:14443: $? = 0
configure:14443: result: yes
configure:14443: checking utmp.h presence
configure:14443: gcc -E  conftest.c
configure:14443: $? = 0
configure:14443: result: yes
configure:14443: checking for utmp.h
configure:14443: result: yes
configure:14458: checking for inline
configure:14474: gcc -c -g -O2  conftest.c >&5
configure:14474: $? = 0
configure:14482: result: inline
configure:14500: checking for pid_t
configure:14500: gcc -c -g -O2  conftest.c >&5
configure:14500: $? = 0
configure:14500: gcc -c -g -O2  conftest.c >&5
conftest.c: In function 'main':
conftest.c:83:20: error: expected expression before ')' token
   83 | if (sizeof ((pid_t)))
      |                    ^
configure:14500: $? = 1
configure: failed program was:
| /* confdefs.h */
| #define PACKAGE_NAME "Snoopy Command Logger"
| #define PACKAGE_TARNAME "snoopy"
| #define PACKAGE_VERSION "2.5.1"
| #define PACKAGE_STRING "Snoopy Command Logger 2.5.1"
| #define PACKAGE_BUGREPORT "https://github.com/a2o/snoopy/issues/"
| #define PACKAGE_URL "https://github.com/a2o/snoopy/"
| #define PACKAGE "snoopy"
| #define VERSION "2.5.1"
| #define STDC_HEADERS 1
| #define HAVE_SYS_TYPES_H 1
| #define HAVE_SYS_STAT_H 1
| #define HAVE_STDLIB_H 1
| #define HAVE_STRING_H 1
| #define HAVE_MEMORY_H 1
| #define HAVE_STRINGS_H 1
| #define HAVE_INTTYPES_H 1
| #define HAVE_STDINT_H 1
| #define HAVE_UNISTD_H 1
| #define HAVE_DLFCN_H 1
| #define LT_OBJDIR ".libs/"
| #define HAVE_LIBDL 1
| #define HAVE_ARPA_INET_H 1
| #define HAVE_CTYPE_H 1
| #define HAVE_DLFCN_H 1
| #define HAVE_ERRNO_H 1
| #define HAVE_FCNTL_H 1
| #define HAVE_FEATURES_H 1
| #define HAVE_GRP_H 1
| #define HAVE_LIMITS_H 1
| #define HAVE_PWD_H 1
| #define HAVE_STDIO_H 1
| #define HAVE_STDDEF_H 1
| #define HAVE_STDLIB_H 1
| #define HAVE_STRING_H 1
| #define HAVE_SYSLOG_H 1
| #define HAVE_SYS_SOCKET_H 1
| #define HAVE_SYS_STAT_H 1
| #define HAVE_SYS_SYSCALL_H 1
| #define HAVE_SYS_TIME_H 1
| #define HAVE_SYS_TYPES_H 1
| #define HAVE_SYS_UN_H 1
| #define HAVE_TIME_H 1
| #define HAVE_UNISTD_H 1
| #define HAVE_UTMP_H 1
| /* end confdefs.h.  */
| #include <stdio.h>
| #ifdef HAVE_SYS_TYPES_H
| # include <sys/types.h>
| #endif
| #ifdef HAVE_SYS_STAT_H
| # include <sys/stat.h>
| #endif
| #ifdef STDC_HEADERS
| # include <stdlib.h>
| # include <stddef.h>
| #else
| # ifdef HAVE_STDLIB_H
| #  include <stdlib.h>
| # endif
| #endif
| #ifdef HAVE_STRING_H
| # if !defined STDC_HEADERS && defined HAVE_MEMORY_H
| #  include <memory.h>
| # endif
| # include <string.h>
| #endif
| #ifdef HAVE_STRINGS_H
| # include <strings.h>
| #endif
| #ifdef HAVE_INTTYPES_H
| # include <inttypes.h>
| #endif
| #ifdef HAVE_STDINT_H
| # include <stdint.h>
| #endif
| #ifdef HAVE_UNISTD_H
| # include <unistd.h>
| #endif
| int
| main ()
| {
| if (sizeof ((pid_t)))
| 	    return 0;
|   ;
|   return 0;
| }
configure:14500: result: yes
configure:14511: checking for size_t
configure:14511: gcc -c -g -O2  conftest.c >&5
configure:14511: $? = 0
configure:14511: gcc -c -g -O2  conftest.c >&5
conftest.c: In function 'main':
conftest.c:83:21: error: expected expression before ')' token
   83 | if (sizeof ((size_t)))
      |                     ^
configure:14511: $? = 1
configure: failed program was:
| /* confdefs.h */
| #define PACKAGE_NAME "Snoopy Command Logger"
| #define PACKAGE_TARNAME "snoopy"
| #define PACKAGE_VERSION "2.5.1"
| #define PACKAGE_STRING "Snoopy Command Logger 2.5.1"
| #define PACKAGE_BUGREPORT "https://github.com/a2o/snoopy/issues/"
| #define PACKAGE_URL "https://github.com/a2o/snoopy/"
| #define PACKAGE "snoopy"
| #define VERSION "2.5.1"
| #define STDC_HEADERS 1
| #define HAVE_SYS_TYPES_H 1
| #define HAVE_SYS_STAT_H 1
| #define HAVE_STDLIB_H 1
| #define HAVE_STRING_H 1
| #define HAVE_MEMORY_H 1
| #define HAVE_STRINGS_H 1
| #define HAVE_INTTYPES_H 1
| #define HAVE_STDINT_H 1
| #define HAVE_UNISTD_H 1
| #define HAVE_DLFCN_H 1
| #define LT_OBJDIR ".libs/"
| #define HAVE_LIBDL 1
| #define HAVE_ARPA_INET_H 1
| #define HAVE_CTYPE_H 1
| #define HAVE_DLFCN_H 1
| #define HAVE_ERRNO_H 1
| #define HAVE_FCNTL_H 1
| #define HAVE_FEATURES_H 1
| #define HAVE_GRP_H 1
| #define HAVE_LIMITS_H 1
| #define HAVE_PWD_H 1
| #define HAVE_STDIO_H 1
| #define HAVE_STDDEF_H 1
| #define HAVE_STDLIB_H 1
| #define HAVE_STRING_H 1
| #define HAVE_SYSLOG_H 1
| #define HAVE_SYS_SOCKET_H 1
| #define HAVE_SYS_STAT_H 1
| #define HAVE_SYS_SYSCALL_H 1
| #define HAVE_SYS_TIME_H 1
| #define HAVE_SYS_TYPES_H 1
| #define HAVE_SYS_UN_H 1
| #define HAVE_TIME_H 1
| #define HAVE_UNISTD_H 1
| #define HAVE_UTMP_H 1
| /* end confdefs.h.  */
| #include <stdio.h>
| #ifdef HAVE_SYS_TYPES_H
| # include <sys/types.h>
| #endif
| #ifdef HAVE_SYS_STAT_H
| # include <sys/stat.h>
| #endif
| #ifdef STDC_HEADERS
| # include <stdlib.h>
| # include <stddef.h>
| #else
| # ifdef HAVE_STDLIB_H
| #  include <stdlib.h>
| # endif
| #endif
| #ifdef HAVE_STRING_H
| # if !defined STDC_HEADERS && defined HAVE_MEMORY_H
| #  include <memory.h>
| # endif
| # include <string.h>
| #endif
| #ifdef HAVE_STRINGS_H
| # include <strings.h>
| #endif
| #ifdef HAVE_INTTYPES_H
| # include <inttypes.h>
| #endif
| #ifdef HAVE_STDINT_H
| # include <stdint.h>
| #endif
| #ifdef HAVE_UNISTD_H
| # include <unistd.h>
| #endif
| int
| main ()
| {
| if (sizeof ((size_t)))
| 	    return 0;
|   ;
|   return 0;
| }
configure:14511: result: yes
configure:14522: checking for ssize_t
configure:14522: gcc -c -g -O2  conftest.c >&5
configure:14522: $? = 0
configure:14522: gcc -c -g -O2  conftest.c >&5
conftest.c: In function 'main':
conftest.c:83:22: error: expected expression before ')' token
   83 | if (sizeof ((ssize_t)))
      |                      ^
configure:14522: $? = 1
configure: failed program was:
| /* confdefs.h */
| #define PACKAGE_NAME "Snoopy Command Logger"
| #define PACKAGE_TARNAME "snoopy"
| #define PACKAGE_VERSION "2.5.1"
| #define PACKAGE_STRING "Snoopy Command Logger 2.5.1"
| #define PACKAGE_BUGREPORT "https://github.com/a2o/snoopy/issues/"
| #define PACKAGE_URL "https://github.com/a2o/snoopy/"
| #define PACKAGE "snoopy"
| #define VERSION "2.5.1"
| #define STDC_HEADERS 1
| #define HAVE_SYS_TYPES_H 1
| #define HAVE_SYS_STAT_H 1
| #define HAVE_STDLIB_H 1
| #define HAVE_STRING_H 1
| #define HAVE_MEMORY_H 1
| #define HAVE_STRINGS_H 1
| #define HAVE_INTTYPES_H 1
| #define HAVE_STDINT_H 1
| #define HAVE_UNISTD_H 1
| #define HAVE_DLFCN_H 1
| #define LT_OBJDIR ".libs/"
| #define HAVE_LIBDL 1
| #define HAVE_ARPA_INET_H 1
| #define HAVE_CTYPE_H 1
| #define HAVE_DLFCN_H 1
| #define HAVE_ERRNO_H 1
| #define HAVE_FCNTL_H 1
| #define HAVE_FEATURES_H 1
| #define HAVE_GRP_H 1
| #define HAVE_LIMITS_H 1
| #define HAVE_PWD_H 1
| #define HAVE_STDIO_H 1
| #define HAVE_STDDEF_H 1
| #define HAVE_STDLIB_H 1
| #define HAVE_STRING_H 1
| #define HAVE_SYSLOG_H 1
| #define HAVE_SYS_SOCKET_H 1
| #define HAVE_SYS_STAT_H 1
| #define HAVE_SYS_SYSCALL_H 1
| #define HAVE_SYS_TIME_H 1
| #define HAVE_SYS_TYPES_H 1
| #define HAVE_SYS_UN_H 1
| #define HAVE_TIME_H 1
| #define HAVE_UNISTD_H 1
| #define HAVE_UTMP_H 1
| /* end confdefs.h.  */
| #include <stdio.h>
| #ifdef HAVE_SYS_TYPES_H
| # include <sys/types.h>
| #endif
| #ifdef HAVE_SYS_STAT_H
| # include <sys/stat.h>
| #endif
| #ifdef STDC_HEADERS
| # include <stdlib.h>
| # include <stddef.h>
| #else
| # ifdef HAVE_STDLIB_H
| #  include <stdlib.h>
| # endif
| #endif
| #ifdef HAVE_STRING_H
| # if !defined STDC_HEADERS && defined HAVE_MEMORY_H
| #  include <memory.h>
| # endif
| # include <string.h>
| #endif
| #ifdef HAVE_STRINGS_H
| # include <strings.h>
| #endif
| #ifdef HAVE_INTTYPES_H
| # include <inttypes.h>
| #endif
| #ifdef HAVE_STDINT_H
| # include <stdint.h>
| #endif
| #ifdef HAVE_UNISTD_H
| # include <unistd.h>
| #endif
| int
| main ()
| {
| if (sizeof ((ssize_t)))
| 	    return 0;
|   ;
|   return 0;
| }
configure:14522: result: yes
configure:14533: checking for uid_t in sys/types.h
configure:14552: result: yes
configure:14566: checking vfork.h usability
configure:14566: gcc -c -g -O2  conftest.c >&5
conftest.c:80:10: fatal error: vfork.h: No such file or directory
   80 | #include <vfork.h>
      |          ^~~~~~~~~
compilation terminated.
configure:14566: $? = 1
configure: failed program was:
| /* confdefs.h */
| #define PACKAGE_NAME "Snoopy Command Logger"
| #define PACKAGE_TARNAME "snoopy"
| #define PACKAGE_VERSION "2.5.1"
| #define PACKAGE_STRING "Snoopy Command Logger 2.5.1"
| #define PACKAGE_BUGREPORT "https://github.com/a2o/snoopy/issues/"
| #define PACKAGE_URL "https://github.com/a2o/snoopy/"
| #define PACKAGE "snoopy"
| #define VERSION "2.5.1"
| #define STDC_HEADERS 1
| #define HAVE_SYS_TYPES_H 1
| #define HAVE_SYS_STAT_H 1
| #define HAVE_STDLIB_H 1
| #define HAVE_STRING_H 1
| #define HAVE_MEMORY_H 1
| #define HAVE_STRINGS_H 1
| #define HAVE_INTTYPES_H 1
| #define HAVE_STDINT_H 1
| #define HAVE_UNISTD_H 1
| #define HAVE_DLFCN_H 1
| #define LT_OBJDIR ".libs/"
| #define HAVE_LIBDL 1
| #define HAVE_ARPA_INET_H 1
| #define HAVE_CTYPE_H 1
| #define HAVE_DLFCN_H 1
| #define HAVE_ERRNO_H 1
| #define HAVE_FCNTL_H 1
| #define HAVE_FEATURES_H 1
| #define HAVE_GRP_H 1
| #define HAVE_LIMITS_H 1
| #define HAVE_PWD_H 1
| #define HAVE_STDIO_H 1
| #define HAVE_STDDEF_H 1
| #define HAVE_STDLIB_H 1
| #define HAVE_STRING_H 1
| #define HAVE_SYSLOG_H 1
| #define HAVE_SYS_SOCKET_H 1
| #define HAVE_SYS_STAT_H 1
| #define HAVE_SYS_SYSCALL_H 1
| #define HAVE_SYS_TIME_H 1
| #define HAVE_SYS_TYPES_H 1
| #define HAVE_SYS_UN_H 1
| #define HAVE_TIME_H 1
| #define HAVE_UNISTD_H 1
| #define HAVE_UTMP_H 1
| /* end confdefs.h.  */
| #include <stdio.h>
| #ifdef HAVE_SYS_TYPES_H
| # include <sys/types.h>
| #endif
| #ifdef HAVE_SYS_STAT_H
| # include <sys/stat.h>
| #endif
| #ifdef STDC_HEADERS
| # include <stdlib.h>
| # include <stddef.h>
| #else
| # ifdef HAVE_STDLIB_H
| #  include <stdlib.h>
| # endif
| #endif
| #ifdef HAVE_STRING_H
| # if !defined STDC_HEADERS && defined HAVE_MEMORY_H
| #  include <memory.h>
| # endif
| # include <string.h>
| #endif
| #ifdef HAVE_STRINGS_H
| # include <strings.h>
| #endif
| #ifdef HAVE_INTTYPES_H
| # include <inttypes.h>
| #endif
| #ifdef HAVE_STDINT_H
| # include <stdint.h>
| #endif
| #ifdef HAVE_UNISTD_H
| # include <unistd.h>
| #endif
| #include <vfork.h>
configure:14566: result: no
configure:14566: checking vfork.h presence
configure:14566: gcc -E  conftest.c
conftest.c:47:10: fatal error: vfork.h: No such file or directory
   47 | #include <vfork.h>
      |          ^~~~~~~~~
compilation terminated.
configure:14566: $? = 1
configure: failed program was:
| /* confdefs.h */
| #define PACKAGE_NAME "Snoopy Command Logger"
| #define PACKAGE_TARNAME "snoopy"
| #define PACKAGE_VERSION "2.5.1"
| #define PACKAGE_STRING "Snoopy Command Logger 2.5.1"
| #define PACKAGE_BUGREPORT "https://github.com/a2o/snoopy/issues/"
| #define PACKAGE_URL "https://github.com/a2o/snoopy/"
| #define PACKAGE "snoopy"
| #define VERSION "2.5.1"
| #define STDC_HEADERS 1
| #define HAVE_SYS_TYPES_H 1
| #define HAVE_SYS_STAT_H 1
| #define HAVE_STDLIB_H 1
| #define HAVE_STRING_H 1
| #define HAVE_MEMORY_H 1
| #define HAVE_STRINGS_H 1
| #define HAVE_INTTYPES_H 1
| #define HAVE_STDINT_H 1
| #define HAVE_UNISTD_H 1
| #define HAVE_DLFCN_H 1
| #define LT_OBJDIR ".libs/"
| #define HAVE_LIBDL 1
| #define HAVE_ARPA_INET_H 1
| #define HAVE_CTYPE_H 1
| #define HAVE_DLFCN_H 1
| #define HAVE_ERRNO_H 1
| #define HAVE_FCNTL_H 1
| #define HAVE_FEATURES_H 1
| #define HAVE_GRP_H 1
| #define HAVE_LIMITS_H 1
| #define HAVE_PWD_H 1
| #define HAVE_STDIO_H 1
| #define HAVE_STDDEF_H 1
| #define HAVE_STDLIB_H 1
| #define HAVE_STRING_H 1
| #define HAVE_SYSLOG_H 1
| #define HAVE_SYS_SOCKET_H 1
| #define HAVE_SYS_STAT_H 1
| #define HAVE_SYS_SYSCALL_H 1
| #define HAVE_SYS_TIME_H 1
| #define HAVE_SYS_TYPES_H 1
| #define HAVE_SYS_UN_H 1
| #define HAVE_TIME_H 1
| #define HAVE_UNISTD_H 1
| #define HAVE_UTMP_H 1
| /* end confdefs.h.  */
| #include <vfork.h>
configure:14566: result: no
configure:14566: checking for vfork.h
configure:14566: result: no
configure:14579: checking for fork
configure:14579: gcc -o conftest -g -O2   conftest.c -ldl  >&5
conftest.c:70:6: warning: conflicting types for built-in function 'fork'; expected 'int(void)' [-Wbuiltin-declaration-mismatch]
   70 | char fork ();
      |      ^~~~
configure:14579: $? = 0
configure:14579: result: yes
configure:14579: checking for vfork
configure:14579: gcc -o conftest -g -O2   conftest.c -ldl  >&5
configure:14579: $? = 0
configure:14579: result: yes
configure:14589: checking for working fork
configure:14611: gcc -o conftest -g -O2   conftest.c -ldl  >&5
configure:14611: $? = 0
configure:14611: ./conftest
configure:14611: $? = 0
configure:14621: result: yes
configure:14642: checking for working vfork
configure:14752: result: yes
configure:14779: checking for stdlib.h
configure:14779: result: yes
configure:14789: checking for GNU libc compatible malloc
configure:14813: gcc -o conftest -g -O2   conftest.c -ldl  >&5
configure:14813: $? = 0
configure:14813: ./conftest
configure:14813: $? = 0
configure:14823: result: yes
configure:14844: checking whether strerror_r is declared
configure:14844: gcc -c -g -O2  conftest.c >&5
configure:14844: $? = 0
configure:14844: result: yes
configure:14857: checking for strerror_r
configure:14857: gcc -o conftest -g -O2   conftest.c -ldl  >&5
configure:14857: $? = 0
configure:14857: result: yes
configure:14866: checking whether strerror_r returns char *
configure:14890: gcc -c -g -O2  conftest.c >&5
conftest.c: In function 'main':
conftest.c:93:13: error: invalid type argument of unary '*' (have 'int')
   93 |    char x = *strerror_r (0, buf, sizeof buf);
      |             ^~~~~~~~~~~~~~~~~~~~~~~~~~~~~~~~
conftest.c:94:14: warning: initialization of 'char *' from 'int' makes pointer from integer without a cast [-Wint-conversion]
   94 |    char *p = strerror_r (0, buf, sizeof buf);
      |              ^~~~~~~~~~
configure:14890: $? = 1
configure: failed program was:
| /* confdefs.h */
| #define PACKAGE_NAME "Snoopy Command Logger"
| #define PACKAGE_TARNAME "snoopy"
| #define PACKAGE_VERSION "2.5.1"
| #define PACKAGE_STRING "Snoopy Command Logger 2.5.1"
| #define PACKAGE_BUGREPORT "https://github.com/a2o/snoopy/issues/"
| #define PACKAGE_URL "https://github.com/a2o/snoopy/"
| #define PACKAGE "snoopy"
| #define VERSION "2.5.1"
| #define STDC_HEADERS 1
| #define HAVE_SYS_TYPES_H 1
| #define HAVE_SYS_STAT_H 1
| #define HAVE_STDLIB_H 1
| #define HAVE_STRING_H 1
| #define HAVE_MEMORY_H 1
| #define HAVE_STRINGS_H 1
| #define HAVE_INTTYPES_H 1
| #define HAVE_STDINT_H 1
| #define HAVE_UNISTD_H 1
| #define HAVE_DLFCN_H 1
| #define LT_OBJDIR ".libs/"
| #define HAVE_LIBDL 1
| #define HAVE_ARPA_INET_H 1
| #define HAVE_CTYPE_H 1
| #define HAVE_DLFCN_H 1
| #define HAVE_ERRNO_H 1
| #define HAVE_FCNTL_H 1
| #define HAVE_FEATURES_H 1
| #define HAVE_GRP_H 1
| #define HAVE_LIMITS_H 1
| #define HAVE_PWD_H 1
| #define HAVE_STDIO_H 1
| #define HAVE_STDDEF_H 1
| #define HAVE_STDLIB_H 1
| #define HAVE_STRING_H 1
| #define HAVE_SYSLOG_H 1
| #define HAVE_SYS_SOCKET_H 1
| #define HAVE_SYS_STAT_H 1
| #define HAVE_SYS_SYSCALL_H 1
| #define HAVE_SYS_TIME_H 1
| #define HAVE_SYS_TYPES_H 1
| #define HAVE_SYS_UN_H 1
| #define HAVE_TIME_H 1
| #define HAVE_UNISTD_H 1
| #define HAVE_UTMP_H 1
| #define HAVE_FORK 1
| #define HAVE_VFORK 1
| #define HAVE_WORKING_VFORK 1
| #define HAVE_WORKING_FORK 1
| #define HAVE_STDLIB_H 1
| #define HAVE_MALLOC 1
| #define HAVE_DECL_STRERROR_R 1
| #define HAVE_STRERROR_R 1
| /* end confdefs.h.  */
| #include <stdio.h>
| #ifdef HAVE_SYS_TYPES_H
| # include <sys/types.h>
| #endif
| #ifdef HAVE_SYS_STAT_H
| # include <sys/stat.h>
| #endif
| #ifdef STDC_HEADERS
| # include <stdlib.h>
| # include <stddef.h>
| #else
| # ifdef HAVE_STDLIB_H
| #  include <stdlib.h>
| # endif
| #endif
| #ifdef HAVE_STRING_H
| # if !defined STDC_HEADERS && defined HAVE_MEMORY_H
| #  include <memory.h>
| # endif
| # include <string.h>
| #endif
| #ifdef HAVE_STRINGS_H
| # include <strings.h>
| #endif
| #ifdef HAVE_INTTYPES_H
| # include <inttypes.h>
| #endif
| #ifdef HAVE_STDINT_H
| # include <stdint.h>
| #endif
| #ifdef HAVE_UNISTD_H
| # include <unistd.h>
| #endif
| int
| main ()
| {
| 
| 	  char buf[100];
| 	  char x = *strerror_r (0, buf, sizeof buf);
| 	  char *p = strerror_r (0, buf, sizeof buf);
| 	  return !p || x;
| 
|   ;
|   return 0;
| }
configure:14928: result: no
configure:14952: checking for getcwd
configure:14952: gcc -o conftest -g -O2   conftest.c -ldl  >&5
configure:14952: $? = 0
configure:14952: result: yes
configure:14952: checking for gethostname
configure:14952: gcc -o conftest -g -O2   conftest.c -ldl  >&5
configure:14952: $? = 0
configure:14952: result: yes
configure:14952: checking for getsid
configure:14952: gcc -o conftest -g -O2   conftest.c -ldl  >&5
configure:14952: $? = 0
configure:14952: result: yes
configure:14952: checking for gettimeofday
configure:14952: gcc -o conftest -g -O2   conftest.c -ldl  >&5
configure:14952: $? = 0
configure:14952: result: yes
configure:14952: checking for localtime_r
configure:14952: gcc -o conftest -g -O2   conftest.c -ldl  >&5
configure:14952: $? = 0
configure:14952: result: yes
configure:14952: checking for socket
configure:14952: gcc -o conftest -g -O2   conftest.c -ldl  >&5
configure:14952: $? = 0
configure:14952: result: yes
configure:14952: checking for strchr
configure:14952: gcc -o conftest -g -O2   conftest.c -ldl  >&5
conftest.c:84:6: warning: conflicting types for built-in function 'strchr'; expected 'char *(const char *, int)' [-Wbuiltin-declaration-mismatch]
   84 | char strchr ();
      |      ^~~~~~
conftest.c:72:1: note: 'strchr' is declared in header '<string.h>'
   71 | # include <limits.h>
   72 | #else
configure:14952: $? = 0
configure:14952: result: yes
configure:14952: checking for strdup
configure:14952: gcc -o conftest -g -O2   conftest.c -ldl  >&5
conftest.c:85:6: warning: conflicting types for built-in function 'strdup'; expected 'char *(const char *)' [-Wbuiltin-declaration-mismatch]
   85 | char strdup ();
      |      ^~~~~~
configure:14952: $? = 0
configure:14952: result: yes
configure:14952: checking for strerror
configure:14952: gcc -o conftest -g -O2   conftest.c -ldl  >&5
configure:14952: $? = 0
configure:14952: result: yes
configure:14952: checking for strndup
configure:14952: gcc -o conftest -g -O2   conftest.c -ldl  >&5
conftest.c:87:6: warning: conflicting types for built-in function 'strndup'; expected 'char *(const char *, long unsigned int)' [-Wbuiltin-declaration-mismatch]
   87 | char strndup ();
      |      ^~~~~~~
configure:14952: $? = 0
configure:14952: result: yes
configure:14952: checking for strrchr
configure:14952: gcc -o conftest -g -O2   conftest.c -ldl  >&5
conftest.c:88:6: warning: conflicting types for built-in function 'strrchr'; expected 'char *(const char *, int)' [-Wbuiltin-declaration-mismatch]
   88 | char strrchr ();
      |      ^~~~~~~
conftest.c:76:1: note: 'strrchr' is declared in header '<string.h>'
   75 | # include <limits.h>
   76 | #else
configure:14952: $? = 0
configure:14952: result: yes
configure:14952: checking for strstr
configure:14952: gcc -o conftest -g -O2   conftest.c -ldl  >&5
conftest.c:89:6: warning: conflicting types for built-in function 'strstr'; expected 'char *(const char *, const char *)' [-Wbuiltin-declaration-mismatch]
   89 | char strstr ();
      |      ^~~~~~
conftest.c:77:1: note: 'strstr' is declared in header '<string.h>'
   76 | # include <limits.h>
   77 | #else
configure:14952: $? = 0
configure:14952: result: yes
configure:14973: checking for getutline_r
configure:14973: gcc -o conftest -g -O2   conftest.c -ldl  >&5
configure:14973: $? = 0
configure:14973: result: yes
configure:14973: checking for utmpname
configure:14973: gcc -o conftest -g -O2   conftest.c -ldl  >&5
configure:14973: $? = 0
configure:14973: result: yes
configure:15047: ======================================================================
configure:15049: Snoopy version: 2.5.1
configure:15057: Snoopy build configuration command: ./configure  '--enable-config-file' '--sysconfdir=/etc' '--enable-filtering'
configure:15059: -
configure:15106: Snoopy all features enabled/disabled: no - using defaults
configure:15119: Snoopy library directory:     /usr/local/lib
configure:15121: Snoopy CLI tool directory:    /usr/local/sbin
configure:15162: Snoopy config file enabled:   yes
configure:15182: Snoopy config file path:      /etc/snoopy.ini
configure:15232: Snoopy error logging enabled: no
configure:15277: Snoopy thread safety enabled: yes
configure:15285: -
configure:15400: Snoopy datasource enabled: cgroup ................ YES
configure:15492: Snoopy datasource enabled: cmdline ............... YES
configure:15584: Snoopy datasource enabled: cwd ................... YES
configure:15676: Snoopy datasource enabled: datetime .............. YES
configure:15768: Snoopy datasource enabled: domain ................ YES
configure:15860: Snoopy datasource enabled: egid .................. YES
configure:15952: Snoopy datasource enabled: egroup ................ YES
configure:16044: Snoopy datasource enabled: env ................... YES
configure:16136: Snoopy datasource enabled: env_all ............... YES
configure:16228: Snoopy datasource enabled: euid .................. YES
configure:16320: Snoopy datasource enabled: eusername ............. YES
configure:16412: Snoopy datasource enabled: filename .............. YES
configure:16504: Snoopy datasource enabled: gid ................... YES
configure:16596: Snoopy datasource enabled: group ................. YES
configure:16688: Snoopy datasource enabled: hostname .............. YES
configure:16818: Snoopy datasource enabled: ipaddr ................ YES
configure:16911: Snoopy datasource enabled: login ................. YES
configure:17003: Snoopy datasource enabled: pid ................... YES
configure:17095: Snoopy datasource enabled: ppid .................. YES
configure:17187: Snoopy datasource enabled: rpname ................ YES
configure:17279: Snoopy datasource enabled: sid ................... YES
configure:17324: Snoopy datasource enabled: snoopy_configure_command  YES (forced)
configure:17410: Snoopy datasource enabled: snoopy_literal ........ YES
configure:17502: Snoopy datasource enabled: snoopy_threads ........ YES
configure:17547: Snoopy datasource enabled: snoopy_version ........ YES (forced)
configure:17633: Snoopy datasource enabled: systemd_unit_name ..... YES
configure:17725: Snoopy datasource enabled: tid ................... YES
configure:17817: Snoopy datasource enabled: tid_kernel ............ YES
configure:17909: Snoopy datasource enabled: timestamp ............. YES
configure:18001: Snoopy datasource enabled: timestamp_ms .......... YES
configure:18093: Snoopy datasource enabled: timestamp_us .......... YES
configure:18185: Snoopy datasource enabled: tty ................... YES
configure:18277: Snoopy datasource enabled: tty_uid ............... YES
configure:18369: Snoopy datasource enabled: tty_username .......... YES
configure:18461: Snoopy datasource enabled: uid ................... YES
configure:18553: Snoopy datasource enabled: username .............. YES
configure:18598: Snoopy default message format: "[uid:%{uid} sid:%{sid} tty:%{tty} cwd:%{cwd} filename:%{filename}]: %{cmdline}"
configure:18608: -
configure:18664: Snoopy filtering subsystem enabled: yes
configure:18772: Snoopy filter enabled: exclude_spawns_of ......... YES
configure:18856: Snoopy filter enabled: exclude_uid ............... YES
configure:18940: Snoopy filter enabled: only_root ................. YES
configure:19024: Snoopy filter enabled: only_tty .................. YES
configure:19108: Snoopy filter enabled: only_uid .................. YES
configure:19157: Snoopy default filter chain: (none)
configure:19167: -
configure:19268: Snoopy output enabled: devlog .................... YES
configure:19346: Snoopy output enabled: devnull ................... YES
configure:19424: Snoopy output enabled: devtty .................... YES
configure:19469: Snoopy output enabled: file ...................... YES (forced)
configure:19508: Snoopy output enabled: socket .................... YES (forced)
configure:19580: Snoopy output enabled: stderr .................... YES
configure:19658: Snoopy output enabled: stdout .................... YES
configure:19739: Snoopy output enabled: syslog .................... no
configure:19814: Snoopy default output:          default (system dependent)
configure:19816: Snoopy default output argument: (none)
configure:19826: -
configure:19867: Snoopy default syslog facility: LOG_AUTHPRIV
configure:19907: Snoopy default syslog level:    LOG_INFO
configure:19938: Snoopy default syslog ident:    "snoopy"
configure:19946: -
configure:19991: Snoopy code coverage enabled: no
configure:20015: ======================================================================
configure:20048: checking pthread.h usability
configure:20048: gcc -c -g -O2  conftest.c >&5
configure:20048: $? = 0
configure:20048: result: yes
configure:20048: checking pthread.h presence
configure:20048: gcc -E  conftest.c
configure:20048: $? = 0
configure:20048: result: yes
configure:20048: checking for pthread.h
configure:20048: result: yes
configure:20058: checking for pthread_self in -lpthread
configure:20083: gcc -o conftest -g -O2   conftest.c -lpthread  -ldl  >&5
configure:20083: $? = 0
configure:20092: result: yes
configure:20217: checking that generated files are newer than configure
configure:20223: result: done
configure:20602: creating ./config.status

## ---------------------- ##
## Running config.status. ##
## ---------------------- ##

This file was extended by Snoopy Command Logger config.status 2.5.1, which was
generated by GNU Autoconf 2.69.  Invocation command line was

  CONFIG_FILES    = 
  CONFIG_HEADERS  = 
  CONFIG_LINKS    = 
  CONFIG_COMMANDS = 
  $ ./config.status 

on Debian11

config.status:1389: creating Makefile
config.status:1389: creating doc/Makefile
config.status:1389: creating etc/Makefile
config.status:1389: creating etc/snoopy.ini
config.status:1389: creating lib/Makefile
config.status:1389: creating lib/inih/Makefile
config.status:1389: creating lib/inih/src/Makefile
config.status:1389: creating src/Makefile
config.status:1389: creating src/action/Makefile
config.status:1389: creating src/cli/Makefile
config.status:1389: creating src/datasource/Makefile
config.status:1389: creating src/entrypoint/Makefile
config.status:1389: creating src/filter/Makefile
config.status:1389: creating src/output/Makefile
config.status:1389: creating src/util/Makefile
config.status:1389: creating tests/Makefile
config.status:1389: creating tests/bin/Makefile
config.status:1389: creating tests/cli/Makefile
config.status:1389: creating tests/combined/Makefile
config.status:1389: creating tests/configfile/Makefile
config.status:1389: creating tests/datasource/Makefile
config.status:1389: creating tests/filter/Makefile
config.status:1389: creating tests/general/Makefile
config.status:1389: creating tests/message/Makefile
config.status:1389: creating tests/output/Makefile
config.status:1389: creating tests/threads/Makefile
config.status:1389: creating tests/unit/Makefile
config.status:1389: creating tests/_bootstrap-paths.sh
config.status:1389: creating config.h
config.status:1618: executing depfiles commands
config.status:1695: cd lib/inih/src       && sed -e '/# am--include-marker/d' Makefile         | make -f - am--depfiles
config.status:1700: $? = 0
config.status:1695: cd src       && sed -e '/# am--include-marker/d' Makefile         | make -f - am--depfiles
config.status:1700: $? = 0
config.status:1695: cd src/action       && sed -e '/# am--include-marker/d' Makefile         | make -f - am--depfiles
config.status:1700: $? = 0
config.status:1695: cd src/cli       && sed -e '/# am--include-marker/d' Makefile         | make -f - am--depfiles
config.status:1700: $? = 0
config.status:1695: cd src/datasource       && sed -e '/# am--include-marker/d' Makefile         | make -f - am--depfiles
config.status:1700: $? = 0
config.status:1695: cd src/entrypoint       && sed -e '/# am--include-marker/d' Makefile         | make -f - am--depfiles
config.status:1700: $? = 0
config.status:1695: cd src/filter       && sed -e '/# am--include-marker/d' Makefile         | make -f - am--depfiles
config.status:1700: $? = 0
config.status:1695: cd src/output       && sed -e '/# am--include-marker/d' Makefile         | make -f - am--depfiles
config.status:1700: $? = 0
config.status:1695: cd src/util       && sed -e '/# am--include-marker/d' Makefile         | make -f - am--depfiles
config.status:1700: $? = 0
config.status:1695: cd tests/bin       && sed -e '/# am--include-marker/d' Makefile         | make -f - am--depfiles
config.status:1700: $? = 0
config.status:1618: executing libtool commands

## ---------------- ##
## Cache variables. ##
## ---------------- ##

ac_cv_build=x86_64-pc-linux-gnu
ac_cv_c_compiler_gnu=yes
ac_cv_c_inline=inline
ac_cv_env_CC_set=
ac_cv_env_CC_value=
ac_cv_env_CFLAGS_set=
ac_cv_env_CFLAGS_value=
ac_cv_env_CPPFLAGS_set=
ac_cv_env_CPPFLAGS_value=
ac_cv_env_CPP_set=
ac_cv_env_CPP_value=
ac_cv_env_LDFLAGS_set=
ac_cv_env_LDFLAGS_value=
ac_cv_env_LIBS_set=
ac_cv_env_LIBS_value=
ac_cv_env_LT_SYS_LIBRARY_PATH_set=
ac_cv_env_LT_SYS_LIBRARY_PATH_value=
ac_cv_env_build_alias_set=
ac_cv_env_build_alias_value=
ac_cv_env_host_alias_set=
ac_cv_env_host_alias_value=
ac_cv_env_target_alias_set=
ac_cv_env_target_alias_value=
ac_cv_func_fork=yes
ac_cv_func_fork_works=yes
ac_cv_func_getcwd=yes
ac_cv_func_gethostname=yes
ac_cv_func_getsid=yes
ac_cv_func_gettimeofday=yes
ac_cv_func_getutline_r=yes
ac_cv_func_localtime_r=yes
ac_cv_func_malloc_0_nonnull=yes
ac_cv_func_socket=yes
ac_cv_func_strchr=yes
ac_cv_func_strdup=yes
ac_cv_func_strerror=yes
ac_cv_func_strerror_r=yes
ac_cv_func_strerror_r_char_p=no
ac_cv_func_strndup=yes
ac_cv_func_strrchr=yes
ac_cv_func_strstr=yes
ac_cv_func_utmpname=yes
ac_cv_func_vfork=yes
ac_cv_func_vfork_works=yes
ac_cv_have_decl_strerror_r=yes
ac_cv_header_arpa_inet_h=yes
ac_cv_header_ctype_h=yes
ac_cv_header_dlfcn_h=yes
ac_cv_header_errno_h=yes
ac_cv_header_fcntl_h=yes
ac_cv_header_features_h=yes
ac_cv_header_grp_h=yes
ac_cv_header_inttypes_h=yes
ac_cv_header_limits_h=yes
ac_cv_header_memory_h=yes
ac_cv_header_pthread_h=yes
ac_cv_header_pwd_h=yes
ac_cv_header_stdc=yes
ac_cv_header_stddef_h=yes
ac_cv_header_stdint_h=yes
ac_cv_header_stdio_h=yes
ac_cv_header_stdlib_h=yes
ac_cv_header_string_h=yes
ac_cv_header_strings_h=yes
ac_cv_header_sys_socket_h=yes
ac_cv_header_sys_stat_h=yes
ac_cv_header_sys_syscall_h=yes
ac_cv_header_sys_time_h=yes
ac_cv_header_sys_types_h=yes
ac_cv_header_sys_un_h=yes
ac_cv_header_syslog_h=yes
ac_cv_header_time_h=yes
ac_cv_header_unistd_h=yes
ac_cv_header_utmp_h=yes
ac_cv_header_vfork_h=no
ac_cv_host=x86_64-pc-linux-gnu
ac_cv_lib_dl_dlsym=yes
ac_cv_lib_pthread_pthread_self=yes
ac_cv_objext=o
ac_cv_path_EGREP='/usr/bin/grep -E'
ac_cv_path_FGREP='/usr/bin/grep -F'
ac_cv_path_GREP=/usr/bin/grep
ac_cv_path_SED=/usr/bin/sed
ac_cv_path_install='/usr/bin/install -c'
ac_cv_path_lt_DD=/usr/bin/dd
ac_cv_path_mkdir=/usr/bin/mkdir
ac_cv_prog_AWK=mawk
ac_cv_prog_CPP='gcc -E'
ac_cv_prog_SNOOPY_PROG_DIRNAME_FOUND=yes
ac_cv_prog_SNOOPY_PROG_GCOV_FOUND=yes
ac_cv_prog_SNOOPY_PROG_PS_FOUND=yes
ac_cv_prog_SNOOPY_PROG_READLINK_FOUND=yes
ac_cv_prog_SNOOPY_PROG_SOCAT_FOUND=yes
ac_cv_prog_SNOOPY_PROG_WC_FOUND=yes
ac_cv_prog_ac_ct_AR=ar
ac_cv_prog_ac_ct_CC=gcc
ac_cv_prog_ac_ct_MANIFEST_TOOL=mt
ac_cv_prog_ac_ct_OBJDUMP=objdump
ac_cv_prog_ac_ct_RANLIB=ranlib
ac_cv_prog_ac_ct_STRIP=strip
ac_cv_prog_cc_c89=
ac_cv_prog_cc_g=yes
ac_cv_prog_make_make_set=yes
ac_cv_type_pid_t=yes
ac_cv_type_size_t=yes
ac_cv_type_ssize_t=yes
ac_cv_type_uid_t=yes
am_cv_CC_dependencies_compiler_type=gcc3
am_cv_ar_interface=ar
am_cv_make_support_nested_variables=yes
am_cv_prog_cc_c_o=yes
lt_cv_ar_at_file=@
lt_cv_archive_cmds_need_lc=no
lt_cv_deplibs_check_method=pass_all
lt_cv_file_magic_cmd='$MAGIC_CMD'
lt_cv_file_magic_test_file=
lt_cv_ld_reload_flag=-r
lt_cv_nm_interface='BSD nm'
lt_cv_objdir=.libs
lt_cv_path_LD=/usr/bin/ld
lt_cv_path_NM='/usr/bin/nm -B'
lt_cv_path_mainfest_tool=no
lt_cv_prog_compiler_c_o=yes
lt_cv_prog_compiler_pic='-fPIC -DPIC'
lt_cv_prog_compiler_pic_works=yes
lt_cv_prog_compiler_rtti_exceptions=no
lt_cv_prog_compiler_static_works=yes
lt_cv_prog_gnu_ld=yes
lt_cv_sharedlib_from_linklib_cmd='printf %s\n'
lt_cv_shlibpath_overrides_runpath=yes
lt_cv_sys_global_symbol_pipe='sed -n -e '\''s/^.*[	 ]\([ABCDGIRSTW][ABCDGIRSTW]*\)[	 ][	 ]*\([_A-Za-z][_A-Za-z0-9]*\)$/\1 \2 \2/p'\'' | sed '\''/ __gnu_lto/d'\'''
lt_cv_sys_global_symbol_to_c_name_address='sed -n -e '\''s/^: \(.*\) .*$/  {"\1", (void *) 0},/p'\'' -e '\''s/^[ABCDGIRSTW][ABCDGIRSTW]* .* \(.*\)$/  {"\1", (void *) \&\1},/p'\'''
lt_cv_sys_global_symbol_to_c_name_address_lib_prefix='sed -n -e '\''s/^: \(.*\) .*$/  {"\1", (void *) 0},/p'\'' -e '\''s/^[ABCDGIRSTW][ABCDGIRSTW]* .* \(lib.*\)$/  {"\1", (void *) \&\1},/p'\'' -e '\''s/^[ABCDGIRSTW][ABCDGIRSTW]* .* \(.*\)$/  {"lib\1", (void *) \&\1},/p'\'''
lt_cv_sys_global_symbol_to_cdecl='sed -n -e '\''s/^T .* \(.*\)$/extern int \1();/p'\'' -e '\''s/^[ABCDGIRSTW][ABCDGIRSTW]* .* \(.*\)$/extern char \1;/p'\'''
lt_cv_sys_global_symbol_to_import=
lt_cv_sys_max_cmd_len=1572864
lt_cv_to_host_file_cmd=func_convert_file_noop
lt_cv_to_tool_file_cmd=func_convert_file_noop
lt_cv_truncate_bin='/usr/bin/dd bs=4096 count=1'

## ----------------- ##
## Output variables. ##
## ----------------- ##

ACLOCAL='${SHELL} /home/kaich/Downloads/scripting/CCDC/linux-scripts/snoopy-2.5.1/build/aux/missing aclocal-1.16'
AMDEPBACKSLASH='\'
AMDEP_FALSE='#'
AMDEP_TRUE=''
AMTAR='$${TAR-tar}'
AM_BACKSLASH='\'
AM_DEFAULT_V='$(AM_DEFAULT_VERBOSITY)'
AM_DEFAULT_VERBOSITY='0'
AM_V='$(V)'
AR='ar'
AUTOCONF='${SHELL} /home/kaich/Downloads/scripting/CCDC/linux-scripts/snoopy-2.5.1/build/aux/missing autoconf'
AUTOHEADER='${SHELL} /home/kaich/Downloads/scripting/CCDC/linux-scripts/snoopy-2.5.1/build/aux/missing autoheader'
AUTOMAKE='${SHELL} /home/kaich/Downloads/scripting/CCDC/linux-scripts/snoopy-2.5.1/build/aux/missing automake-1.16'
AWK='mawk'
CC='gcc'
CCDEPMODE='depmode=gcc3'
CFLAGS='-g -O2'
CODE_COVERAGE_ENABLED_FALSE=''
CODE_COVERAGE_ENABLED_TRUE='#'
CONFIGFILE_ENABLED_FALSE='#'
CONFIGFILE_ENABLED_TRUE=''
CPP='gcc -E'
CPPFLAGS=''
CYGPATH_W='echo'
DATASOURCE_ENABLED_cgroup_FALSE='#'
DATASOURCE_ENABLED_cgroup_TRUE=''
DATASOURCE_ENABLED_cmdline_FALSE='#'
DATASOURCE_ENABLED_cmdline_TRUE=''
DATASOURCE_ENABLED_cwd_FALSE='#'
DATASOURCE_ENABLED_cwd_TRUE=''
DATASOURCE_ENABLED_datetime_FALSE='#'
DATASOURCE_ENABLED_datetime_TRUE=''
DATASOURCE_ENABLED_domain_FALSE='#'
DATASOURCE_ENABLED_domain_TRUE=''
DATASOURCE_ENABLED_egid_FALSE='#'
DATASOURCE_ENABLED_egid_TRUE=''
DATASOURCE_ENABLED_egroup_FALSE='#'
DATASOURCE_ENABLED_egroup_TRUE=''
DATASOURCE_ENABLED_env_FALSE='#'
DATASOURCE_ENABLED_env_TRUE=''
DATASOURCE_ENABLED_env_all_FALSE='#'
DATASOURCE_ENABLED_env_all_TRUE=''
DATASOURCE_ENABLED_euid_FALSE='#'
DATASOURCE_ENABLED_euid_TRUE=''
DATASOURCE_ENABLED_eusername_FALSE='#'
DATASOURCE_ENABLED_eusername_TRUE=''
DATASOURCE_ENABLED_filename_FALSE='#'
DATASOURCE_ENABLED_filename_TRUE=''
DATASOURCE_ENABLED_gid_FALSE='#'
DATASOURCE_ENABLED_gid_TRUE=''
DATASOURCE_ENABLED_group_FALSE='#'
DATASOURCE_ENABLED_group_TRUE=''
DATASOURCE_ENABLED_hostname_FALSE='#'
DATASOURCE_ENABLED_hostname_TRUE=''
DATASOURCE_ENABLED_ipaddr_FALSE='#'
DATASOURCE_ENABLED_ipaddr_TRUE=''
DATASOURCE_ENABLED_login_FALSE='#'
DATASOURCE_ENABLED_login_TRUE=''
DATASOURCE_ENABLED_pid_FALSE='#'
DATASOURCE_ENABLED_pid_TRUE=''
DATASOURCE_ENABLED_ppid_FALSE='#'
DATASOURCE_ENABLED_ppid_TRUE=''
DATASOURCE_ENABLED_rpname_FALSE='#'
DATASOURCE_ENABLED_rpname_TRUE=''
DATASOURCE_ENABLED_sid_FALSE='#'
DATASOURCE_ENABLED_sid_TRUE=''
DATASOURCE_ENABLED_snoopy_configure_command_FALSE='#'
DATASOURCE_ENABLED_snoopy_configure_command_TRUE=''
DATASOURCE_ENABLED_snoopy_literal_FALSE='#'
DATASOURCE_ENABLED_snoopy_literal_TRUE=''
DATASOURCE_ENABLED_snoopy_threads_FALSE='#'
DATASOURCE_ENABLED_snoopy_threads_TRUE=''
DATASOURCE_ENABLED_snoopy_version_FALSE='#'
DATASOURCE_ENABLED_snoopy_version_TRUE=''
DATASOURCE_ENABLED_systemd_unit_name_FALSE='#'
DATASOURCE_ENABLED_systemd_unit_name_TRUE=''
DATASOURCE_ENABLED_tid_FALSE='#'
DATASOURCE_ENABLED_tid_TRUE=''
DATASOURCE_ENABLED_tid_kernel_FALSE='#'
DATASOURCE_ENABLED_tid_kernel_TRUE=''
DATASOURCE_ENABLED_timestamp_FALSE='#'
DATASOURCE_ENABLED_timestamp_TRUE=''
DATASOURCE_ENABLED_timestamp_ms_FALSE='#'
DATASOURCE_ENABLED_timestamp_ms_TRUE=''
DATASOURCE_ENABLED_timestamp_us_FALSE='#'
DATASOURCE_ENABLED_timestamp_us_TRUE=''
DATASOURCE_ENABLED_tty_FALSE='#'
DATASOURCE_ENABLED_tty_TRUE=''
DATASOURCE_ENABLED_tty_uid_FALSE='#'
DATASOURCE_ENABLED_tty_uid_TRUE=''
DATASOURCE_ENABLED_tty_username_FALSE='#'
DATASOURCE_ENABLED_tty_username_TRUE=''
DATASOURCE_ENABLED_uid_FALSE='#'
DATASOURCE_ENABLED_uid_TRUE=''
DATASOURCE_ENABLED_username_FALSE='#'
DATASOURCE_ENABLED_username_TRUE=''
DATASOURCE_INCLUDE_tty__common_FALSE='#'
DATASOURCE_INCLUDE_tty__common_TRUE=''
DATASOURCE__FALSE=''
DATASOURCE__TRUE='#'
DEFS='-DHAVE_CONFIG_H'
DEPDIR='.deps'
DLLTOOL='false'
DSYMUTIL=''
DUMPBIN=''
ECHO_C=''
ECHO_N='-n'
ECHO_T=''
EGREP='/usr/bin/grep -E'
EXEEXT=''
FGREP='/usr/bin/grep -F'
FILTERING_ENABLED_FALSE='#'
FILTERING_ENABLED_TRUE=''
FILTER_ENABLED_exclude_spawns_of_FALSE='#'
FILTER_ENABLED_exclude_spawns_of_TRUE=''
FILTER_ENABLED_exclude_uid_FALSE='#'
FILTER_ENABLED_exclude_uid_TRUE=''
FILTER_ENABLED_only_root_FALSE='#'
FILTER_ENABLED_only_root_TRUE=''
FILTER_ENABLED_only_tty_FALSE='#'
FILTER_ENABLED_only_tty_TRUE=''
FILTER_ENABLED_only_uid_FALSE='#'
FILTER_ENABLED_only_uid_TRUE=''
GREP='/usr/bin/grep'
INSTALL_DATA='${INSTALL} -m 644'
INSTALL_PROGRAM='${INSTALL}'
INSTALL_SCRIPT='${INSTALL}'
INSTALL_STRIP_PROGRAM='$(install_sh) -c -s'
LD='/usr/bin/ld -m elf_x86_64'
LDFLAGS=''
LIBOBJS=''
LIBS='-lpthread -ldl '
LIBTOOL='$(SHELL) $(top_builddir)/libtool'
LIPO=''
LN_S='ln -s'
LTLIBOBJS=''
LT_SYS_LIBRARY_PATH=''
MAKEINFO='${SHELL} /home/kaich/Downloads/scripting/CCDC/linux-scripts/snoopy-2.5.1/build/aux/missing makeinfo'
MANIFEST_TOOL=':'
MKDIR_P='/usr/bin/mkdir -p'
NM='/usr/bin/nm -B'
NMEDIT=''
OBJDUMP='objdump'
OBJEXT='o'
OTOOL64=''
OTOOL=''
OUTPUT_ENABLED_devlog_FALSE='#'
OUTPUT_ENABLED_devlog_TRUE=''
OUTPUT_ENABLED_devnull_FALSE='#'
OUTPUT_ENABLED_devnull_TRUE=''
OUTPUT_ENABLED_devtty_FALSE='#'
OUTPUT_ENABLED_devtty_TRUE=''
OUTPUT_ENABLED_file_FALSE='#'
OUTPUT_ENABLED_file_TRUE=''
OUTPUT_ENABLED_socket_FALSE='#'
OUTPUT_ENABLED_socket_TRUE=''
OUTPUT_ENABLED_stderr_FALSE='#'
OUTPUT_ENABLED_stderr_TRUE=''
OUTPUT_ENABLED_stdout_FALSE='#'
OUTPUT_ENABLED_stdout_TRUE=''
OUTPUT_ENABLED_syslog_FALSE=''
OUTPUT_ENABLED_syslog_TRUE='#'
PACKAGE='snoopy'
PACKAGE_BUGREPORT='https://github.com/a2o/snoopy/issues/'
PACKAGE_NAME='Snoopy Command Logger'
PACKAGE_STRING='Snoopy Command Logger 2.5.1'
PACKAGE_TARNAME='snoopy'
PACKAGE_URL='https://github.com/a2o/snoopy/'
PACKAGE_VERSION='2.5.1'
PATH_SEPARATOR=':'
PREFIX='/usr/local'
RANLIB='ranlib'
SED='/usr/bin/sed'
SET_MAKE=''
SHELL='/bin/bash'
SNOOPY_CONF_MESSAGE_FORMAT='[uid:%{uid} sid:%{sid} tty:%{tty} cwd:%{cwd} filename:%{filename}]: %{cmdline}'
SNOOPY_LIBDIR='/usr/local/lib'
SNOOPY_PROG_DIRNAME_FOUND='yes'
SNOOPY_PROG_GCOV_FOUND='yes'
SNOOPY_PROG_PS_FOUND='yes'
SNOOPY_PROG_READLINK_FOUND='yes'
SNOOPY_PROG_SOCAT_FOUND='yes'
SNOOPY_PROG_WC_FOUND='yes'
STRIP='strip'
SYSCONFDIR='/etc'
THREAD_SAFETY_ENABLED_FALSE='#'
THREAD_SAFETY_ENABLED_TRUE=''
VERSION='2.5.1'
ac_ct_AR='ar'
ac_ct_CC='gcc'
ac_ct_DUMPBIN=''
am__EXEEXT_FALSE=''
am__EXEEXT_TRUE='#'
am__fastdepCC_FALSE='#'
am__fastdepCC_TRUE=''
am__include='include'
am__isrc=''
am__leading_dot='.'
am__nodep='_no'
am__quote=''
am__tar='$${TAR-tar} chof - "$$tardir"'
am__untar='$${TAR-tar} xf -'
bindir='${exec_prefix}/bin'
build='x86_64-pc-linux-gnu'
build_alias=''
build_cpu='x86_64'
build_os='linux-gnu'
build_vendor='pc'
datadir='${datarootdir}'
datarootdir='${prefix}/share'
docdir='${datarootdir}/doc/${PACKAGE_TARNAME}'
dvidir='${docdir}'
enable_datasource_cgroup='yes'
enable_datasource_cmdline='yes'
enable_datasource_cwd='yes'
enable_datasource_datetime='yes'
enable_datasource_domain='yes'
enable_datasource_egid='yes'
enable_datasource_egroup='yes'
enable_datasource_env='yes'
enable_datasource_env_all='yes'
enable_datasource_euid='yes'
enable_datasource_eusername='yes'
enable_datasource_filename='yes'
enable_datasource_gid='yes'
enable_datasource_group='yes'
enable_datasource_hostname='yes'
enable_datasource_ipaddr='yes'
enable_datasource_login='yes'
enable_datasource_pid='yes'
enable_datasource_ppid='yes'
enable_datasource_rpname='yes'
enable_datasource_sid='yes'
enable_datasource_snoopy_configure_command='yes'
enable_datasource_snoopy_literal='yes'
enable_datasource_snoopy_threads='yes'
enable_datasource_snoopy_version='yes'
enable_datasource_systemd_unit_name='yes'
enable_datasource_tid='yes'
enable_datasource_tid_kernel='yes'
enable_datasource_timestamp='yes'
enable_datasource_timestamp_ms='yes'
enable_datasource_timestamp_us='yes'
enable_datasource_tty='yes'
enable_datasource_tty_uid='yes'
enable_datasource_tty_username='yes'
enable_datasource_uid='yes'
enable_datasource_username='yes'
enable_filter_exclude_spawns_of='yes'
enable_filter_exclude_uid='yes'
enable_filter_only_root='yes'
enable_filter_only_tty='yes'
enable_filter_only_uid='yes'
enable_output_devlog='yes'
enable_output_devnull='yes'
enable_output_devtty='yes'
enable_output_file='yes'
enable_output_socket='yes'
enable_output_stderr='yes'
enable_output_stdout='yes'
enable_output_syslog='no'
exec_prefix='${prefix}'
host='x86_64-pc-linux-gnu'
host_alias=''
host_cpu='x86_64'
host_os='linux-gnu'
host_vendor='pc'
htmldir='${docdir}'
includedir='${prefix}/include'
infodir='${datarootdir}/info'
install_sh='${SHELL} /home/kaich/Downloads/scripting/CCDC/linux-scripts/snoopy-2.5.1/build/aux/install-sh'
libdir='${exec_prefix}/lib'
libexecdir='${exec_prefix}/libexec'
localedir='${datarootdir}/locale'
localstatedir='${prefix}/var'
mandir='${datarootdir}/man'
mkdir_p='$(MKDIR_P)'
oldincludedir='/usr/include'
pdfdir='${docdir}'
prefix='/usr/local'
program_transform_name='s,x,x,'
psdir='${docdir}'
runstatedir='${localstatedir}/run'
sbindir='${exec_prefix}/sbin'
sharedstatedir='${prefix}/com'
sysconfdir='/etc'
target_alias=''

## ----------- ##
## confdefs.h. ##
## ----------- ##

/* confdefs.h */
#define PACKAGE_NAME "Snoopy Command Logger"
#define PACKAGE_TARNAME "snoopy"
#define PACKAGE_VERSION "2.5.1"
#define PACKAGE_STRING "Snoopy Command Logger 2.5.1"
#define PACKAGE_BUGREPORT "https://github.com/a2o/snoopy/issues/"
#define PACKAGE_URL "https://github.com/a2o/snoopy/"
#define PACKAGE "snoopy"
#define VERSION "2.5.1"
#define STDC_HEADERS 1
#define HAVE_SYS_TYPES_H 1
#define HAVE_SYS_STAT_H 1
#define HAVE_STDLIB_H 1
#define HAVE_STRING_H 1
#define HAVE_MEMORY_H 1
#define HAVE_STRINGS_H 1
#define HAVE_INTTYPES_H 1
#define HAVE_STDINT_H 1
#define HAVE_UNISTD_H 1
#define HAVE_DLFCN_H 1
#define LT_OBJDIR ".libs/"
#define HAVE_LIBDL 1
#define HAVE_ARPA_INET_H 1
#define HAVE_CTYPE_H 1
#define HAVE_DLFCN_H 1
#define HAVE_ERRNO_H 1
#define HAVE_FCNTL_H 1
#define HAVE_FEATURES_H 1
#define HAVE_GRP_H 1
#define HAVE_LIMITS_H 1
#define HAVE_PWD_H 1
#define HAVE_STDIO_H 1
#define HAVE_STDDEF_H 1
#define HAVE_STDLIB_H 1
#define HAVE_STRING_H 1
#define HAVE_SYSLOG_H 1
#define HAVE_SYS_SOCKET_H 1
#define HAVE_SYS_STAT_H 1
#define HAVE_SYS_SYSCALL_H 1
#define HAVE_SYS_TIME_H 1
#define HAVE_SYS_TYPES_H 1
#define HAVE_SYS_UN_H 1
#define HAVE_TIME_H 1
#define HAVE_UNISTD_H 1
#define HAVE_UTMP_H 1
#define HAVE_FORK 1
#define HAVE_VFORK 1
#define HAVE_WORKING_VFORK 1
#define HAVE_WORKING_FORK 1
#define HAVE_STDLIB_H 1
#define HAVE_MALLOC 1
#define HAVE_DECL_STRERROR_R 1
#define HAVE_STRERROR_R 1
#define HAVE_GETCWD 1
#define HAVE_GETHOSTNAME 1
#define HAVE_GETSID 1
#define HAVE_GETTIMEOFDAY 1
#define HAVE_LOCALTIME_R 1
#define HAVE_SOCKET 1
#define HAVE_STRCHR 1
#define HAVE_STRDUP 1
#define HAVE_STRERROR 1
#define HAVE_STRNDUP 1
#define HAVE_STRRCHR 1
#define HAVE_STRSTR 1
#define HAVE_GETUTLINE_R 1
#define HAVE_UTMPNAME 1
#define SNOOPY_CONFIGURE_COMMAND "./configure '--enable-config-file' '--sysconfdir=/etc' '--enable-filtering'"
#define SNOOPY_CONF_LIBDIR "/usr/local/lib"
#define SNOOPY_CONF_SBINDIR "/usr/local/sbin"
#define SNOOPY_CONF_CONFIGFILE_ENABLED 1
#define SNOOPY_CONF_CONFIGFILE_PATH "/etc/snoopy.ini"
#define SNOOPY_CONF_SYSCONFDIR "/etc"
#define SNOOPY_CONF_THREAD_SAFETY_ENABLED 1
#define SNOOPY_CONF_DATASOURCE_ENABLED_cgroup 1
#define SNOOPY_CONF_DATASOURCE_ENABLED_cmdline 1
#define SNOOPY_CONF_DATASOURCE_ENABLED_cwd 1
#define SNOOPY_CONF_DATASOURCE_ENABLED_datetime 1
#define SNOOPY_CONF_DATASOURCE_ENABLED_domain 1
#define SNOOPY_CONF_DATASOURCE_ENABLED_egid 1
#define SNOOPY_CONF_DATASOURCE_ENABLED_egroup 1
#define SNOOPY_CONF_DATASOURCE_ENABLED_env 1
#define SNOOPY_CONF_DATASOURCE_ENABLED_env_all 1
#define SNOOPY_CONF_DATASOURCE_ENABLED_euid 1
#define SNOOPY_CONF_DATASOURCE_ENABLED_eusername 1
#define SNOOPY_CONF_DATASOURCE_ENABLED_filename 1
#define SNOOPY_CONF_DATASOURCE_ENABLED_gid 1
#define SNOOPY_CONF_DATASOURCE_ENABLED_group 1
#define SNOOPY_CONF_DATASOURCE_ENABLED_hostname 1
#define SNOOPY_CONF_DATASOURCE_ENABLED_ipaddr 1
#define SNOOPY_CONF_DATASOURCE_ENABLED_login 1
#define SNOOPY_CONF_DATASOURCE_ENABLED_pid 1
#define SNOOPY_CONF_DATASOURCE_ENABLED_ppid 1
#define SNOOPY_CONF_DATASOURCE_ENABLED_rpname 1
#define SNOOPY_CONF_DATASOURCE_ENABLED_sid 1
#define SNOOPY_CONF_DATASOURCE_ENABLED_snoopy_configure_command 1
#define SNOOPY_CONF_DATASOURCE_ENABLED_snoopy_literal 1
#define SNOOPY_CONF_DATASOURCE_ENABLED_snoopy_threads 1
#define SNOOPY_CONF_DATASOURCE_ENABLED_snoopy_version 1
#define SNOOPY_CONF_DATASOURCE_ENABLED_systemd_unit_name 1
#define SNOOPY_CONF_DATASOURCE_ENABLED_tid 1
#define SNOOPY_CONF_DATASOURCE_ENABLED_tid_kernel 1
#define SNOOPY_CONF_DATASOURCE_ENABLED_timestamp 1
#define SNOOPY_CONF_DATASOURCE_ENABLED_timestamp_ms 1
#define SNOOPY_CONF_DATASOURCE_ENABLED_timestamp_us 1
#define SNOOPY_CONF_DATASOURCE_ENABLED_tty 1
#define SNOOPY_CONF_DATASOURCE_ENABLED_tty_uid 1
#define SNOOPY_CONF_DATASOURCE_ENABLED_tty_username 1
#define SNOOPY_CONF_DATASOURCE_ENABLED_uid 1
#define SNOOPY_CONF_DATASOURCE_ENABLED_username 1
#define SNOOPY_CONF_MESSAGE_FORMAT "[uid:%{uid} sid:%{sid} tty:%{tty} cwd:%{cwd} filename:%{filename}]: %{cmdline}"
#define SNOOPY_CONF_FILTERING_ENABLED 1
#define SNOOPY_CONF_FILTER_ENABLED_exclude_spawns_of 1
#define SNOOPY_CONF_FILTER_ENABLED_exclude_uid 1
#define SNOOPY_CONF_FILTER_ENABLED_only_root 1
#define SNOOPY_CONF_FILTER_ENABLED_only_tty 1
#define SNOOPY_CONF_FILTER_ENABLED_only_uid 1
#define SNOOPY_CONF_FILTER_CHAIN ""
#define SNOOPY_CONF_OUTPUT_ENABLED_devlog 1
#define SNOOPY_CONF_OUTPUT_ENABLED_devnull 1
#define SNOOPY_CONF_OUTPUT_ENABLED_devtty 1
#define SNOOPY_CONF_OUTPUT_ENABLED_file 1
#define SNOOPY_CONF_OUTPUT_ENABLED_socket 1
#define SNOOPY_CONF_OUTPUT_ENABLED_stderr 1
#define SNOOPY_CONF_OUTPUT_ENABLED_stdout 1
#define SNOOPY_CONF_SYSLOG_FACILITY LOG_AUTHPRIV
#define SNOOPY_CONF_SYSLOG_LEVEL LOG_INFO
#define SNOOPY_CONF_SYSLOG_IDENT_FORMAT "snoopy"
#define HAVE_LIBPTHREAD 1

configure: exit 0
