SNOOPY INSTALL: Starting installation, log file: /home/kaich/Downloads/scripting/CCDC/linux-scripts/install-snoopy.log
SNOOPY INSTALL: Installation mode: package-latest-stable
SNOOPY INSTALL: Getting latest Snoopy version... got it, 2.5.1
SNOOPY INSTALL: Downloading from https://github.com/a2o/snoopy/releases/download/snoopy-2.5.1/snoopy-2.5.1.tar.gz... --2024-05-01 13:18:41--  https://github.com/a2o/snoopy/releases/download/snoopy-2.5.1/snoopy-2.5.1.tar.gz
Resolving github.com (github.com)... 140.82.114.4
Connecting to github.com (github.com)|140.82.114.4|:443... connected.
HTTP request sent, awaiting response... 302 Found
Location: https://objects.githubusercontent.com/github-production-release-asset-2e65be/7248772/269e58d7-b157-417c-a30c-f32bef19d450?X-Amz-Algorithm=AWS4-HMAC-SHA256&X-Amz-Credential=AKIAVCODYLSA53PQK4ZA%2F20240501%2Fus-east-1%2Fs3%2Faws4_request&X-Amz-Date=20240501T171841Z&X-Amz-Expires=300&X-Amz-Signature=f935489682b8eb84fc426cfa49744cbc60fd09b2c4c26b3f6fcbad43fab5864a&X-Amz-SignedHeaders=host&actor_id=0&key_id=0&repo_id=7248772&response-content-disposition=attachment%3B%20filename%3Dsnoopy-2.5.1.tar.gz&response-content-type=application%2Foctet-stream [following]
--2024-05-01 13:18:41--  https://objects.githubusercontent.com/github-production-release-asset-2e65be/7248772/269e58d7-b157-417c-a30c-f32bef19d450?X-Amz-Algorithm=AWS4-HMAC-SHA256&X-Amz-Credential=AKIAVCODYLSA53PQK4ZA%2F20240501%2Fus-east-1%2Fs3%2Faws4_request&X-Amz-Date=20240501T171841Z&X-Amz-Expires=300&X-Amz-Signature=f935489682b8eb84fc426cfa49744cbc60fd09b2c4c26b3f6fcbad43fab5864a&X-Amz-SignedHeaders=host&actor_id=0&key_id=0&repo_id=7248772&response-content-disposition=attachment%3B%20filename%3Dsnoopy-2.5.1.tar.gz&response-content-type=application%2Foctet-stream
Resolving objects.githubusercontent.com (objects.githubusercontent.com)... 185.199.111.133, 185.199.109.133, 185.199.108.133, ...
Connecting to objects.githubusercontent.com (objects.githubusercontent.com)|185.199.111.133|:443... connected.
HTTP request sent, awaiting response... 200 OK
Length: 685195 (669K) [application/octet-stream]
Saving to: ‘snoopy-2.5.1.tar.gz’

     0K .......... .......... .......... .......... ..........  7% 6.16M 0s
    50K .......... .......... .......... .......... .......... 14% 13.1M 0s
   100K .......... .......... .......... .......... .......... 22% 10.8M 0s
   150K .......... .......... .......... .......... .......... 29% 30.2M 0s
   200K .......... .......... .......... .......... .......... 37% 23.6M 0s
   250K .......... .......... .......... .......... .......... 44% 10.7M 0s
   300K .......... .......... .......... .......... .......... 52%  147M 0s
   350K .......... .......... .......... .......... .......... 59% 10.7M 0s
   400K .......... .......... .......... .......... .......... 67%  166M 0s
   450K .......... .......... .......... .......... .......... 74%  232M 0s
   500K .......... .......... .......... .......... .......... 82%  257M 0s
   550K .......... .......... .......... .......... .......... 89% 38.9M 0s
   600K .......... .......... .......... .......... .......... 97% 49.3M 0s
   650K .......... .........                                  100%  108M=0.03s

2024-05-01 13:18:41 (20.1 MB/s) - ‘snoopy-2.5.1.tar.gz’ saved [685195/685195]

done.
SNOOPY INSTALL: Unpacking ./snoopy-2.5.1.tar.gz... done.
SNOOPY INSTALL: Configuring... checking for a BSD-compatible install... /usr/bin/install -c
checking whether build environment is sane... yes
checking for a thread-safe mkdir -p... /usr/bin/mkdir -p
checking for gawk... no
checking for mawk... mawk
checking whether make sets $(MAKE)... yes
checking whether make supports nested variables... yes
checking whether make supports nested variables... (cached) yes
checking whether make supports the include directive... yes (GNU style)
checking for gcc... gcc
checking whether the C compiler works... yes
checking for C compiler default output file name... a.out
checking for suffix of executables... 
checking whether we are cross compiling... no
checking for suffix of object files... o
checking whether we are using the GNU C compiler... yes
checking whether gcc accepts -g... yes
checking for gcc option to accept ISO C89... none needed
checking whether gcc understands -c and -o together... yes
checking dependency style of gcc... gcc3
checking for ar... ar
checking the archiver (ar) interface... ar
checking build system type... x86_64-pc-linux-gnu
checking host system type... x86_64-pc-linux-gnu
checking how to print strings... printf
checking for a sed that does not truncate output... /usr/bin/sed
checking for grep that handles long lines and -e... /usr/bin/grep
checking for egrep... /usr/bin/grep -E
checking for fgrep... /usr/bin/grep -F
checking for ld used by gcc... /usr/bin/ld
checking if the linker (/usr/bin/ld) is GNU ld... yes
checking for BSD- or MS-compatible name lister (nm)... /usr/bin/nm -B
checking the name lister (/usr/bin/nm -B) interface... BSD nm
checking whether ln -s works... yes
checking the maximum length of command line arguments... 1572864
checking how to convert x86_64-pc-linux-gnu file names to x86_64-pc-linux-gnu format... func_convert_file_noop
checking how to convert x86_64-pc-linux-gnu file names to toolchain format... func_convert_file_noop
checking for /usr/bin/ld option to reload object files... -r
checking for objdump... objdump
checking how to recognize dependent libraries... pass_all
checking for dlltool... no
checking how to associate runtime and link libraries... printf %s\n
checking for archiver @FILE support... @
checking for strip... strip
checking for ranlib... ranlib
checking command to parse /usr/bin/nm -B output from gcc object... ok
checking for sysroot... no
checking for a working dd... /usr/bin/dd
checking how to truncate binary pipes... /usr/bin/dd bs=4096 count=1
checking for mt... mt
checking if mt is a manifest tool... no
checking how to run the C preprocessor... gcc -E
checking for ANSI C header files... yes
checking for sys/types.h... yes
checking for sys/stat.h... yes
checking for stdlib.h... yes
checking for string.h... yes
checking for memory.h... yes
checking for strings.h... yes
checking for inttypes.h... yes
checking for stdint.h... yes
checking for unistd.h... yes
checking for dlfcn.h... yes
checking for objdir... .libs
checking if gcc supports -fno-rtti -fno-exceptions... no
checking for gcc option to produce PIC... -fPIC -DPIC
checking if gcc PIC flag -fPIC -DPIC works... yes
checking if gcc static flag -static works... yes
checking if gcc supports -c -o file.o... yes
checking if gcc supports -c -o file.o... (cached) yes
checking whether the gcc linker (/usr/bin/ld -m elf_x86_64) supports shared libraries... yes
checking whether -lc should be explicitly linked in... no
checking dynamic linker characteristics... GNU/Linux ld.so
checking how to hardcode library paths into programs... immediate
checking whether stripping libraries is possible... yes
checking if libtool supports shared libraries... yes
checking whether to build shared libraries... yes
checking whether to build static libraries... no
checking for gawk... (cached) mawk
checking for gcc... (cached) gcc
checking whether we are using the GNU C compiler... (cached) yes
checking whether gcc accepts -g... (cached) yes
checking for gcc option to accept ISO C89... (cached) none needed
checking whether gcc understands -c and -o together... (cached) yes
checking dependency style of gcc... (cached) gcc3
checking for grep that handles long lines and -e... (cached) /usr/bin/grep
checking whether ln -s works... yes
checking whether make sets $(MAKE)... (cached) yes
checking for a sed that does not truncate output... (cached) /usr/bin/sed
checking for BSD- or MS-compatible name lister (nm)... (cached) /usr/bin/nm -B
checking the name lister (/usr/bin/nm -B) interface... (cached) BSD nm
checking for dirname... yes
checking for gcov... yes
checking for readlink... yes
checking for socat... yes
checking for ps... yes
checking for wc... yes
checking for dlsym in -ldl... yes
checking arpa/inet.h usability... yes
checking arpa/inet.h presence... yes
checking for arpa/inet.h... yes
checking ctype.h usability... yes
checking ctype.h presence... yes
checking for ctype.h... yes
checking for dlfcn.h... (cached) yes
checking errno.h usability... yes
checking errno.h presence... yes
checking for errno.h... yes
checking fcntl.h usability... yes
checking fcntl.h presence... yes
checking for fcntl.h... yes
checking features.h usability... yes
checking features.h presence... yes
checking for features.h... yes
checking grp.h usability... yes
checking grp.h presence... yes
checking for grp.h... yes
checking limits.h usability... yes
checking limits.h presence... yes
checking for limits.h... yes
checking pwd.h usability... yes
checking pwd.h presence... yes
checking for pwd.h... yes
checking stdio.h usability... yes
checking stdio.h presence... yes
checking for stdio.h... yes
checking stddef.h usability... yes
checking stddef.h presence... yes
checking for stddef.h... yes
checking for stdlib.h... (cached) yes
checking for string.h... (cached) yes
checking syslog.h usability... yes
checking syslog.h presence... yes
checking for syslog.h... yes
checking sys/socket.h usability... yes
checking sys/socket.h presence... yes
checking for sys/socket.h... yes
checking for sys/stat.h... (cached) yes
checking sys/syscall.h usability... yes
checking sys/syscall.h presence... yes
checking for sys/syscall.h... yes
checking sys/time.h usability... yes
checking sys/time.h presence... yes
checking for sys/time.h... yes
checking for sys/types.h... (cached) yes
checking sys/un.h usability... yes
checking sys/un.h presence... yes
checking for sys/un.h... yes
checking time.h usability... yes
checking time.h presence... yes
checking for time.h... yes
checking for unistd.h... (cached) yes
checking utmp.h usability... yes
checking utmp.h presence... yes
checking for utmp.h... yes
checking for inline... inline
checking for pid_t... yes
checking for size_t... yes
checking for ssize_t... yes
checking for uid_t in sys/types.h... yes
checking vfork.h usability... no
checking vfork.h presence... no
checking for vfork.h... no
checking for fork... yes
checking for vfork... yes
checking for working fork... yes
checking for working vfork... (cached) yes
checking for stdlib.h... (cached) yes
checking for GNU libc compatible malloc... yes
checking whether strerror_r is declared... yes
checking for strerror_r... yes
checking whether strerror_r returns char *... no
checking for getcwd... yes
checking for gethostname... yes
checking for getsid... yes
checking for gettimeofday... yes
checking for localtime_r... yes
checking for socket... yes
checking for strchr... yes
checking for strdup... yes
checking for strerror... yes
checking for strndup... yes
checking for strrchr... yes
checking for strstr... yes
checking for getutline_r... yes
checking for utmpname... yes
configure: ======================================================================
configure: Snoopy version: 2.5.1
configure: Snoopy build configuration command: ./configure  '--enable-config-file' '--sysconfdir=/etc' '--enable-filtering'
configure: -
configure: Snoopy all features enabled/disabled: no - using defaults
configure: Snoopy library directory:     /usr/local/lib
configure: Snoopy CLI tool directory:    /usr/local/sbin
configure: Snoopy config file enabled:   yes
configure: Snoopy config file path:      /etc/snoopy.ini
configure: Snoopy error logging enabled: no
configure: Snoopy thread safety enabled: yes
configure: -
configure: Snoopy datasource enabled: cgroup ................ YES
configure: Snoopy datasource enabled: cmdline ............... YES
configure: Snoopy datasource enabled: cwd ................... YES
configure: Snoopy datasource enabled: datetime .............. YES
configure: Snoopy datasource enabled: domain ................ YES
configure: Snoopy datasource enabled: egid .................. YES
configure: Snoopy datasource enabled: egroup ................ YES
configure: Snoopy datasource enabled: env ................... YES
configure: Snoopy datasource enabled: env_all ............... YES
configure: Snoopy datasource enabled: euid .................. YES
configure: Snoopy datasource enabled: eusername ............. YES
configure: Snoopy datasource enabled: filename .............. YES
configure: Snoopy datasource enabled: gid ................... YES
configure: Snoopy datasource enabled: group ................. YES
configure: Snoopy datasource enabled: hostname .............. YES
configure: Snoopy datasource enabled: ipaddr ................ YES
configure: Snoopy datasource enabled: login ................. YES
configure: Snoopy datasource enabled: pid ................... YES
configure: Snoopy datasource enabled: ppid .................. YES
configure: Snoopy datasource enabled: rpname ................ YES
configure: Snoopy datasource enabled: sid ................... YES
configure: Snoopy datasource enabled: snoopy_configure_command  YES (forced)
configure: Snoopy datasource enabled: snoopy_literal ........ YES
configure: Snoopy datasource enabled: snoopy_threads ........ YES
configure: Snoopy datasource enabled: snoopy_version ........ YES (forced)
configure: Snoopy datasource enabled: systemd_unit_name ..... YES
configure: Snoopy datasource enabled: tid ................... YES
configure: Snoopy datasource enabled: tid_kernel ............ YES
configure: Snoopy datasource enabled: timestamp ............. YES
configure: Snoopy datasource enabled: timestamp_ms .......... YES
configure: Snoopy datasource enabled: timestamp_us .......... YES
configure: Snoopy datasource enabled: tty ................... YES
configure: Snoopy datasource enabled: tty_uid ............... YES
configure: Snoopy datasource enabled: tty_username .......... YES
configure: Snoopy datasource enabled: uid ................... YES
configure: Snoopy datasource enabled: username .............. YES
configure: Snoopy default message format: "[uid:%{uid} sid:%{sid} tty:%{tty} cwd:%{cwd} filename:%{filename}]: %{cmdline}"
configure: -
configure: Snoopy filtering subsystem enabled: yes
configure: Snoopy filter enabled: exclude_spawns_of ......... YES
configure: Snoopy filter enabled: exclude_uid ............... YES
configure: Snoopy filter enabled: only_root ................. YES
configure: Snoopy filter enabled: only_tty .................. YES
configure: Snoopy filter enabled: only_uid .................. YES
configure: Snoopy default filter chain: (none)
configure: -
configure: Snoopy output enabled: devlog .................... YES
configure: Snoopy output enabled: devnull ................... YES
configure: Snoopy output enabled: devtty .................... YES
configure: Snoopy output enabled: file ...................... YES (forced)
configure: Snoopy output enabled: socket .................... YES (forced)
configure: Snoopy output enabled: stderr .................... YES
configure: Snoopy output enabled: stdout .................... YES
configure: Snoopy output enabled: syslog .................... no
configure: Snoopy default output:          default (system dependent)
configure: Snoopy default output argument: (none)
configure: -
configure: Snoopy default syslog facility: LOG_AUTHPRIV
configure: Snoopy default syslog level:    LOG_INFO
configure: Snoopy default syslog ident:    "snoopy"
configure: -
configure: Snoopy code coverage enabled: no
configure: ======================================================================
checking pthread.h usability... yes
checking pthread.h presence... yes
checking for pthread.h... yes
checking for pthread_self in -lpthread... yes
checking that generated files are newer than configure... done
configure: creating ./config.status
config.status: creating Makefile
config.status: creating doc/Makefile
config.status: creating etc/Makefile
config.status: creating etc/snoopy.ini
config.status: creating lib/Makefile
config.status: creating lib/inih/Makefile
config.status: creating lib/inih/src/Makefile
config.status: creating src/Makefile
config.status: creating src/action/Makefile
config.status: creating src/cli/Makefile
config.status: creating src/datasource/Makefile
config.status: creating src/entrypoint/Makefile
config.status: creating src/filter/Makefile
config.status: creating src/output/Makefile
config.status: creating src/util/Makefile
config.status: creating tests/Makefile
config.status: creating tests/bin/Makefile
config.status: creating tests/cli/Makefile
config.status: creating tests/combined/Makefile
config.status: creating tests/configfile/Makefile
config.status: creating tests/datasource/Makefile
config.status: creating tests/filter/Makefile
config.status: creating tests/general/Makefile
config.status: creating tests/message/Makefile
config.status: creating tests/output/Makefile
config.status: creating tests/threads/Makefile
config.status: creating tests/unit/Makefile
config.status: creating tests/_bootstrap-paths.sh
config.status: creating config.h
config.status: executing depfiles commands
config.status: executing libtool commands
done.
SNOOPY INSTALL: Building... make  all-recursive
make[1]: Entering directory '/home/kaich/Downloads/scripting/CCDC/linux-scripts/snoopy-2.5.1'
Making all in etc
make[2]: Entering directory '/home/kaich/Downloads/scripting/CCDC/linux-scripts/snoopy-2.5.1/etc'
make[2]: Nothing to be done for 'all'.
make[2]: Leaving directory '/home/kaich/Downloads/scripting/CCDC/linux-scripts/snoopy-2.5.1/etc'
Making all in lib
make[2]: Entering directory '/home/kaich/Downloads/scripting/CCDC/linux-scripts/snoopy-2.5.1/lib'
Making all in inih
make[3]: Entering directory '/home/kaich/Downloads/scripting/CCDC/linux-scripts/snoopy-2.5.1/lib/inih'
Making all in src
make[4]: Entering directory '/home/kaich/Downloads/scripting/CCDC/linux-scripts/snoopy-2.5.1/lib/inih/src'
  CC       ini.lo
  CCLD     libinih.la
make[4]: Leaving directory '/home/kaich/Downloads/scripting/CCDC/linux-scripts/snoopy-2.5.1/lib/inih/src'
make[4]: Entering directory '/home/kaich/Downloads/scripting/CCDC/linux-scripts/snoopy-2.5.1/lib/inih'
make[4]: Nothing to be done for 'all-am'.
make[4]: Leaving directory '/home/kaich/Downloads/scripting/CCDC/linux-scripts/snoopy-2.5.1/lib/inih'
make[3]: Leaving directory '/home/kaich/Downloads/scripting/CCDC/linux-scripts/snoopy-2.5.1/lib/inih'
make[3]: Entering directory '/home/kaich/Downloads/scripting/CCDC/linux-scripts/snoopy-2.5.1/lib'
make[3]: Nothing to be done for 'all-am'.
make[3]: Leaving directory '/home/kaich/Downloads/scripting/CCDC/linux-scripts/snoopy-2.5.1/lib'
make[2]: Leaving directory '/home/kaich/Downloads/scripting/CCDC/linux-scripts/snoopy-2.5.1/lib'
Making all in src
make[2]: Entering directory '/home/kaich/Downloads/scripting/CCDC/linux-scripts/snoopy-2.5.1/src'
Making all in util
make[3]: Entering directory '/home/kaich/Downloads/scripting/CCDC/linux-scripts/snoopy-2.5.1/src/util'
  CC       file.lo
  CC       parser.lo
  CC       pwd.lo
  CC       string.lo
  CC       syslog.lo
  CC       utmp.lo
  CC       systemd.lo
  CC       list.lo
  CCLD     libsnoopy-utils.la
make[3]: Leaving directory '/home/kaich/Downloads/scripting/CCDC/linux-scripts/snoopy-2.5.1/src/util'
Making all in action
make[3]: Entering directory '/home/kaich/Downloads/scripting/CCDC/linux-scripts/snoopy-2.5.1/src/action'
  CC       log-message-dispatch.lo
  CC       log-syscall-exec.lo
  CCLD     libsnoopy-actions-all.la
make[3]: Leaving directory '/home/kaich/Downloads/scripting/CCDC/linux-scripts/snoopy-2.5.1/src/action'
Making all in cli
make[3]: Entering directory '/home/kaich/Downloads/scripting/CCDC/linux-scripts/snoopy-2.5.1/src/cli'
  CC       action-conf.o
  CC       action-disable.o
  CC       action-enable.o
  CC       action-status.o
  CC       action-version.o
  CC       snoopyctl.o
  CC       cli-subroutines.lo
  CCLD     libsnoopy-cli-subroutines.la
  CCLD     snoopyctl
make[3]: Leaving directory '/home/kaich/Downloads/scripting/CCDC/linux-scripts/snoopy-2.5.1/src/cli'
Making all in entrypoint
make[3]: Entering directory '/home/kaich/Downloads/scripting/CCDC/linux-scripts/snoopy-2.5.1/src/entrypoint'
  CC       execve-wrapper.lo
  CCLD     libsnoopy-entrypoint-execve-wrapper.la
  CC       cli.lo
  CCLD     libsnoopy-entrypoint-cli.la
  CC       execve-wrapper-test-configfile-env.lo
  CCLD     libsnoopy-entrypoint-execve-wrapper-test-configfile-env.la
  CC       test-cli.lo
  CCLD     libsnoopy-entrypoint-test-cli.la
make[3]: Leaving directory '/home/kaich/Downloads/scripting/CCDC/linux-scripts/snoopy-2.5.1/src/entrypoint'
Making all in datasource
make[3]: Entering directory '/home/kaich/Downloads/scripting/CCDC/linux-scripts/snoopy-2.5.1/src/datasource'
  CC       failure.lo
  CC       noop.lo
  CC       cgroup.lo
  CC       cmdline.lo
  CC       cwd.lo
  CC       datetime.lo
  CC       domain.lo
  CC       egid.lo
  CC       egroup.lo
  CC       env.lo
  CC       env_all.lo
  CC       euid.lo
  CC       eusername.lo
  CC       filename.lo
  CC       gid.lo
  CC       group.lo
  CC       hostname.lo
  CC       ipaddr.lo
  CC       login.lo
  CC       pid.lo
  CC       ppid.lo
  CC       rpname.lo
  CC       sid.lo
  CC       snoopy_configure_command.lo
  CC       snoopy_literal.lo
  CC       snoopy_threads.lo
  CC       snoopy_version.lo
  CC       systemd-unit-name.lo
  CC       tid.lo
  CC       tid_kernel.lo
  CC       timestamp.lo
  CC       timestamp_ms.lo
  CC       timestamp_us.lo
  CC       tty.lo
  CC       tty_uid.lo
  CC       tty_username.lo
  CC       tty__common.lo
  CC       uid.lo
  CC       username.lo
  CCLD     libsnoopy_datasources_all.la
make[3]: Leaving directory '/home/kaich/Downloads/scripting/CCDC/linux-scripts/snoopy-2.5.1/src/datasource'
Making all in filter
make[3]: Entering directory '/home/kaich/Downloads/scripting/CCDC/linux-scripts/snoopy-2.5.1/src/filter'
  CC       noop.lo
  CC       exclude_spawns_of.lo
  CC       exclude_uid.lo
  CC       only_root.lo
  CC       only_tty.lo
  CC       only_uid.lo
  CCLD     libsnoopy_filters_all.la
make[3]: Leaving directory '/home/kaich/Downloads/scripting/CCDC/linux-scripts/snoopy-2.5.1/src/filter'
Making all in output
make[3]: Entering directory '/home/kaich/Downloads/scripting/CCDC/linux-scripts/snoopy-2.5.1/src/output'
  CC       noopoutput.lo
  CC       devlogoutput.lo
  CC       devnulloutput.lo
  CC       devttyoutput.lo
  CC       fileoutput.lo
  CC       socketoutput.lo
  CC       stderroutput.lo
  CC       stdoutoutput.lo
  CCLD     libsnoopy_outputs_all.la
make[3]: Leaving directory '/home/kaich/Downloads/scripting/CCDC/linux-scripts/snoopy-2.5.1/src/output'
make[3]: Entering directory '/home/kaich/Downloads/scripting/CCDC/linux-scripts/snoopy-2.5.1/src'
  CC       configuration.lo
  CC       error.lo
  CC       genericregistry.lo
  CC       init-deinit.lo
  CC       inputdatastorage.lo
  CC       datasourceregistry.lo
  CC       message.lo
  CC       outputregistry.lo
  CC       configfile.lo
  CC       tsrm.lo
  CC       filtering.lo
  CC       filterregistry.lo
  CCLD     libsnoopy-no-entrypoint.la
copying selected object files to avoid basename conflicts...
  CCLD     libsnoopy.la
  CCLD     libsnoopy-test-cli.la
make[3]: Leaving directory '/home/kaich/Downloads/scripting/CCDC/linux-scripts/snoopy-2.5.1/src'
make[2]: Leaving directory '/home/kaich/Downloads/scripting/CCDC/linux-scripts/snoopy-2.5.1/src'
Making all in doc
make[2]: Entering directory '/home/kaich/Downloads/scripting/CCDC/linux-scripts/snoopy-2.5.1/doc'
make[2]: Nothing to be done for 'all'.
make[2]: Leaving directory '/home/kaich/Downloads/scripting/CCDC/linux-scripts/snoopy-2.5.1/doc'
Making all in tests
make[2]: Entering directory '/home/kaich/Downloads/scripting/CCDC/linux-scripts/snoopy-2.5.1/tests'
Making all in bin
make[3]: Entering directory '/home/kaich/Downloads/scripting/CCDC/linux-scripts/snoopy-2.5.1/tests/bin'
  CC       action-run.o
  CC       action-run-datasource.o
  CC       action-run-everything.o
  CC       action-run-messageformat.o
  CC       action-run-output.o
  CC       action-stress.o
  CC       action-unit.o
  CC       action-unit-action.o
  CC       action-unit-action-log-syscall-exec.o
  CC       action-unit-action-log-message-dispatch.o
  CC       action-unit-datasource.o
  CC       action-unit-error.o
  CC       action-unit-outputregistry.o
  CC       action-unit-util.o
  CC       action-unit-util-syslog.o
  CC       snoopy-test.o
  CC       action-run-configfile.o
  CC       action-unit-ext-ini.o
  CC       action-run-filter.o
  CC       action-run-filterchain.o
  CC       action-unit-filterregistry.o
  CC       action-stress-threads.o
  CC       action-stress-threadsexec.o
  CC       action-unit-datasource-cmdline.o
  CC       action-unit-util-systemd.o
  CC       action-unit-util-utmp.o
  CCLD     snoopy-test
  CC       spaceparent.o
  CCLD     spaceparent
  CCLD     libsnoopy-test-execve-wrapper-env-ini-path.la
make[3]: Leaving directory '/home/kaich/Downloads/scripting/CCDC/linux-scripts/snoopy-2.5.1/tests/bin'
Making all in cli
make[3]: Entering directory '/home/kaich/Downloads/scripting/CCDC/linux-scripts/snoopy-2.5.1/tests/cli'
make[3]: Nothing to be done for 'all'.
make[3]: Leaving directory '/home/kaich/Downloads/scripting/CCDC/linux-scripts/snoopy-2.5.1/tests/cli'
Making all in configfile
make[3]: Entering directory '/home/kaich/Downloads/scripting/CCDC/linux-scripts/snoopy-2.5.1/tests/configfile'
make[3]: Nothing to be done for 'all'.
make[3]: Leaving directory '/home/kaich/Downloads/scripting/CCDC/linux-scripts/snoopy-2.5.1/tests/configfile'
Making all in datasource
make[3]: Entering directory '/home/kaich/Downloads/scripting/CCDC/linux-scripts/snoopy-2.5.1/tests/datasource'
make[3]: Nothing to be done for 'all'.
make[3]: Leaving directory '/home/kaich/Downloads/scripting/CCDC/linux-scripts/snoopy-2.5.1/tests/datasource'
Making all in filter
make[3]: Entering directory '/home/kaich/Downloads/scripting/CCDC/linux-scripts/snoopy-2.5.1/tests/filter'
make[3]: Nothing to be done for 'all'.
make[3]: Leaving directory '/home/kaich/Downloads/scripting/CCDC/linux-scripts/snoopy-2.5.1/tests/filter'
Making all in general
make[3]: Entering directory '/home/kaich/Downloads/scripting/CCDC/linux-scripts/snoopy-2.5.1/tests/general'
make[3]: Nothing to be done for 'all'.
make[3]: Leaving directory '/home/kaich/Downloads/scripting/CCDC/linux-scripts/snoopy-2.5.1/tests/general'
Making all in message
make[3]: Entering directory '/home/kaich/Downloads/scripting/CCDC/linux-scripts/snoopy-2.5.1/tests/message'
make[3]: Nothing to be done for 'all'.
make[3]: Leaving directory '/home/kaich/Downloads/scripting/CCDC/linux-scripts/snoopy-2.5.1/tests/message'
Making all in output
make[3]: Entering directory '/home/kaich/Downloads/scripting/CCDC/linux-scripts/snoopy-2.5.1/tests/output'
make[3]: Nothing to be done for 'all'.
make[3]: Leaving directory '/home/kaich/Downloads/scripting/CCDC/linux-scripts/snoopy-2.5.1/tests/output'
Making all in threads
make[3]: Entering directory '/home/kaich/Downloads/scripting/CCDC/linux-scripts/snoopy-2.5.1/tests/threads'
make[3]: Nothing to be done for 'all'.
make[3]: Leaving directory '/home/kaich/Downloads/scripting/CCDC/linux-scripts/snoopy-2.5.1/tests/threads'
Making all in unit
make[3]: Entering directory '/home/kaich/Downloads/scripting/CCDC/linux-scripts/snoopy-2.5.1/tests/unit'
make[3]: Nothing to be done for 'all'.
make[3]: Leaving directory '/home/kaich/Downloads/scripting/CCDC/linux-scripts/snoopy-2.5.1/tests/unit'
Making all in combined
make[3]: Entering directory '/home/kaich/Downloads/scripting/CCDC/linux-scripts/snoopy-2.5.1/tests/combined'
make[3]: Nothing to be done for 'all'.
make[3]: Leaving directory '/home/kaich/Downloads/scripting/CCDC/linux-scripts/snoopy-2.5.1/tests/combined'
make[3]: Entering directory '/home/kaich/Downloads/scripting/CCDC/linux-scripts/snoopy-2.5.1/tests'
make[3]: Nothing to be done for 'all-am'.
make[3]: Leaving directory '/home/kaich/Downloads/scripting/CCDC/linux-scripts/snoopy-2.5.1/tests'
make[2]: Leaving directory '/home/kaich/Downloads/scripting/CCDC/linux-scripts/snoopy-2.5.1/tests'
make[2]: Entering directory '/home/kaich/Downloads/scripting/CCDC/linux-scripts/snoopy-2.5.1'
make[2]: Nothing to be done for 'all-am'.
make[2]: Leaving directory '/home/kaich/Downloads/scripting/CCDC/linux-scripts/snoopy-2.5.1'
make[1]: Leaving directory '/home/kaich/Downloads/scripting/CCDC/linux-scripts/snoopy-2.5.1'
done.
SNOOPY INSTALL: Installing... Making install in etc
make[1]: Entering directory '/home/kaich/Downloads/scripting/CCDC/linux-scripts/snoopy-2.5.1/etc'
make[2]: Entering directory '/home/kaich/Downloads/scripting/CCDC/linux-scripts/snoopy-2.5.1/etc'
if [ ! -f /etc/snoopy.ini ]; then \
    echo ; \
    echo "Installing configuration file: /etc/snoopy.ini" ; \
    echo ; \
    if [ ! -e /etc ]; then \
        install -d /etc ; \
    fi ; \
    install -m 644 snoopy.ini /etc/snoopy.ini ; \
else \
    if diff -u snoopy.ini /etc/snoopy.ini; then \
        echo ; \
        echo "No changes to configuration file are required: /etc/snoopy.ini" ; \
        echo ; \
    else \
        install -m 644 snoopy.ini /etc/snoopy.ini.NEW ; \
        echo ; \
        echo "Existing config file: /etc/snoopy.ini" ; \
        echo "     New config file: /etc/snoopy.ini.NEW" ; \
        echo ; \
        echo "WARNING: CONFIGURATION FILE CHANGES NEED MANUAL REVIEW" ; \
        echo ; \
    fi ; \
fi ; \
if [ -f /etc/snoopy.ini ]; then \
    if [ -x /etc/snoopy.ini ]; then \
        chmod 644 /etc/snoopy.ini ; \
    fi ; \
fi ; \
if [ -f /etc/snoopy.ini.NEW ]; then \
    if [ -x /etc/snoopy.ini.NEW ]; then \
        chmod 644 /etc/snoopy.ini.NEW ; \
    fi ; \
fi ;

Installing configuration file: /etc/snoopy.ini

make[2]: Nothing to be done for 'install-data-am'.
make[2]: Leaving directory '/home/kaich/Downloads/scripting/CCDC/linux-scripts/snoopy-2.5.1/etc'
make[1]: Leaving directory '/home/kaich/Downloads/scripting/CCDC/linux-scripts/snoopy-2.5.1/etc'
Making install in lib
make[1]: Entering directory '/home/kaich/Downloads/scripting/CCDC/linux-scripts/snoopy-2.5.1/lib'
Making install in inih
make[2]: Entering directory '/home/kaich/Downloads/scripting/CCDC/linux-scripts/snoopy-2.5.1/lib/inih'
Making install in src
make[3]: Entering directory '/home/kaich/Downloads/scripting/CCDC/linux-scripts/snoopy-2.5.1/lib/inih/src'
make[4]: Entering directory '/home/kaich/Downloads/scripting/CCDC/linux-scripts/snoopy-2.5.1/lib/inih/src'
make[4]: Nothing to be done for 'install-exec-am'.
make[4]: Nothing to be done for 'install-data-am'.
make[4]: Leaving directory '/home/kaich/Downloads/scripting/CCDC/linux-scripts/snoopy-2.5.1/lib/inih/src'
make[3]: Leaving directory '/home/kaich/Downloads/scripting/CCDC/linux-scripts/snoopy-2.5.1/lib/inih/src'
make[3]: Entering directory '/home/kaich/Downloads/scripting/CCDC/linux-scripts/snoopy-2.5.1/lib/inih'
make[4]: Entering directory '/home/kaich/Downloads/scripting/CCDC/linux-scripts/snoopy-2.5.1/lib/inih'
make[4]: Nothing to be done for 'install-exec-am'.
make[4]: Nothing to be done for 'install-data-am'.
make[4]: Leaving directory '/home/kaich/Downloads/scripting/CCDC/linux-scripts/snoopy-2.5.1/lib/inih'
make[3]: Leaving directory '/home/kaich/Downloads/scripting/CCDC/linux-scripts/snoopy-2.5.1/lib/inih'
make[2]: Leaving directory '/home/kaich/Downloads/scripting/CCDC/linux-scripts/snoopy-2.5.1/lib/inih'
make[2]: Entering directory '/home/kaich/Downloads/scripting/CCDC/linux-scripts/snoopy-2.5.1/lib'
make[3]: Entering directory '/home/kaich/Downloads/scripting/CCDC/linux-scripts/snoopy-2.5.1/lib'
make[3]: Nothing to be done for 'install-exec-am'.
make[3]: Nothing to be done for 'install-data-am'.
make[3]: Leaving directory '/home/kaich/Downloads/scripting/CCDC/linux-scripts/snoopy-2.5.1/lib'
make[2]: Leaving directory '/home/kaich/Downloads/scripting/CCDC/linux-scripts/snoopy-2.5.1/lib'
make[1]: Leaving directory '/home/kaich/Downloads/scripting/CCDC/linux-scripts/snoopy-2.5.1/lib'
Making install in src
make[1]: Entering directory '/home/kaich/Downloads/scripting/CCDC/linux-scripts/snoopy-2.5.1/src'
Making install in util
make[2]: Entering directory '/home/kaich/Downloads/scripting/CCDC/linux-scripts/snoopy-2.5.1/src/util'
make[3]: Entering directory '/home/kaich/Downloads/scripting/CCDC/linux-scripts/snoopy-2.5.1/src/util'
make[3]: Nothing to be done for 'install-exec-am'.
make[3]: Nothing to be done for 'install-data-am'.
make[3]: Leaving directory '/home/kaich/Downloads/scripting/CCDC/linux-scripts/snoopy-2.5.1/src/util'
make[2]: Leaving directory '/home/kaich/Downloads/scripting/CCDC/linux-scripts/snoopy-2.5.1/src/util'
Making install in action
make[2]: Entering directory '/home/kaich/Downloads/scripting/CCDC/linux-scripts/snoopy-2.5.1/src/action'
make[3]: Entering directory '/home/kaich/Downloads/scripting/CCDC/linux-scripts/snoopy-2.5.1/src/action'
make[3]: Nothing to be done for 'install-exec-am'.
make[3]: Nothing to be done for 'install-data-am'.
make[3]: Leaving directory '/home/kaich/Downloads/scripting/CCDC/linux-scripts/snoopy-2.5.1/src/action'
make[2]: Leaving directory '/home/kaich/Downloads/scripting/CCDC/linux-scripts/snoopy-2.5.1/src/action'
Making install in cli
make[2]: Entering directory '/home/kaich/Downloads/scripting/CCDC/linux-scripts/snoopy-2.5.1/src/cli'
make[3]: Entering directory '/home/kaich/Downloads/scripting/CCDC/linux-scripts/snoopy-2.5.1/src/cli'
 /usr/bin/mkdir -p '/usr/local/sbin'
  /bin/bash ../../libtool   --mode=install /usr/bin/install -c snoopyctl '/usr/local/sbin'
libtool: install: /usr/bin/install -c snoopyctl /usr/local/sbin/snoopyctl
make[3]: Nothing to be done for 'install-data-am'.
make[3]: Leaving directory '/home/kaich/Downloads/scripting/CCDC/linux-scripts/snoopy-2.5.1/src/cli'
make[2]: Leaving directory '/home/kaich/Downloads/scripting/CCDC/linux-scripts/snoopy-2.5.1/src/cli'
Making install in entrypoint
make[2]: Entering directory '/home/kaich/Downloads/scripting/CCDC/linux-scripts/snoopy-2.5.1/src/entrypoint'
make[3]: Entering directory '/home/kaich/Downloads/scripting/CCDC/linux-scripts/snoopy-2.5.1/src/entrypoint'
make[3]: Nothing to be done for 'install-exec-am'.
make[3]: Nothing to be done for 'install-data-am'.
make[3]: Leaving directory '/home/kaich/Downloads/scripting/CCDC/linux-scripts/snoopy-2.5.1/src/entrypoint'
make[2]: Leaving directory '/home/kaich/Downloads/scripting/CCDC/linux-scripts/snoopy-2.5.1/src/entrypoint'
Making install in datasource
make[2]: Entering directory '/home/kaich/Downloads/scripting/CCDC/linux-scripts/snoopy-2.5.1/src/datasource'
make[3]: Entering directory '/home/kaich/Downloads/scripting/CCDC/linux-scripts/snoopy-2.5.1/src/datasource'
make[3]: Nothing to be done for 'install-exec-am'.
make[3]: Nothing to be done for 'install-data-am'.
make[3]: Leaving directory '/home/kaich/Downloads/scripting/CCDC/linux-scripts/snoopy-2.5.1/src/datasource'
make[2]: Leaving directory '/home/kaich/Downloads/scripting/CCDC/linux-scripts/snoopy-2.5.1/src/datasource'
Making install in filter
make[2]: Entering directory '/home/kaich/Downloads/scripting/CCDC/linux-scripts/snoopy-2.5.1/src/filter'
make[3]: Entering directory '/home/kaich/Downloads/scripting/CCDC/linux-scripts/snoopy-2.5.1/src/filter'
make[3]: Nothing to be done for 'install-exec-am'.
make[3]: Nothing to be done for 'install-data-am'.
make[3]: Leaving directory '/home/kaich/Downloads/scripting/CCDC/linux-scripts/snoopy-2.5.1/src/filter'
make[2]: Leaving directory '/home/kaich/Downloads/scripting/CCDC/linux-scripts/snoopy-2.5.1/src/filter'
Making install in output
make[2]: Entering directory '/home/kaich/Downloads/scripting/CCDC/linux-scripts/snoopy-2.5.1/src/output'
make[3]: Entering directory '/home/kaich/Downloads/scripting/CCDC/linux-scripts/snoopy-2.5.1/src/output'
make[3]: Nothing to be done for 'install-exec-am'.
make[3]: Nothing to be done for 'install-data-am'.
make[3]: Leaving directory '/home/kaich/Downloads/scripting/CCDC/linux-scripts/snoopy-2.5.1/src/output'
make[2]: Leaving directory '/home/kaich/Downloads/scripting/CCDC/linux-scripts/snoopy-2.5.1/src/output'
make[2]: Entering directory '/home/kaich/Downloads/scripting/CCDC/linux-scripts/snoopy-2.5.1/src'
make[3]: Entering directory '/home/kaich/Downloads/scripting/CCDC/linux-scripts/snoopy-2.5.1/src'
 /usr/bin/mkdir -p '/usr/local/lib'
 /bin/bash ../libtool   --mode=install /usr/bin/install -c   libsnoopy.la '/usr/local/lib'
libtool: install: /usr/bin/install -c .libs/libsnoopy.so.0.0.0 /usr/local/lib/libsnoopy.so.0.0.0
libtool: install: (cd /usr/local/lib && { ln -s -f libsnoopy.so.0.0.0 libsnoopy.so.0 || { rm -f libsnoopy.so.0 && ln -s libsnoopy.so.0.0.0 libsnoopy.so.0; }; })
libtool: install: (cd /usr/local/lib && { ln -s -f libsnoopy.so.0.0.0 libsnoopy.so || { rm -f libsnoopy.so && ln -s libsnoopy.so.0.0.0 libsnoopy.so; }; })
libtool: install: /usr/bin/install -c .libs/libsnoopy.lai /usr/local/lib/libsnoopy.la
libtool: finish: PATH="/usr/local/sbin:/usr/local/bin:/usr/sbin:/usr/bin:/sbin:/bin:/sbin" ldconfig -n /usr/local/lib
----------------------------------------------------------------------
Libraries have been installed in:
   /usr/local/lib

If you ever happen to want to link against installed libraries
in a given directory, LIBDIR, you must either use libtool, and
specify the full pathname of the library, or use the '-LLIBDIR'
flag during linking and do at least one of the following:
   - add LIBDIR to the 'LD_LIBRARY_PATH' environment variable
     during execution
   - add LIBDIR to the 'LD_RUN_PATH' environment variable
     during linking
   - use the '-Wl,-rpath -Wl,LIBDIR' linker flag
   - have your system administrator add LIBDIR to '/etc/ld.so.conf'

See any operating system documentation about shared libraries for
more information, such as the ld(1) and ld.so(8) manual pages.
----------------------------------------------------------------------
make[3]: Nothing to be done for 'install-data-am'.
make[3]: Leaving directory '/home/kaich/Downloads/scripting/CCDC/linux-scripts/snoopy-2.5.1/src'
make[2]: Leaving directory '/home/kaich/Downloads/scripting/CCDC/linux-scripts/snoopy-2.5.1/src'
make[1]: Leaving directory '/home/kaich/Downloads/scripting/CCDC/linux-scripts/snoopy-2.5.1/src'
Making install in doc
make[1]: Entering directory '/home/kaich/Downloads/scripting/CCDC/linux-scripts/snoopy-2.5.1/doc'
make[2]: Entering directory '/home/kaich/Downloads/scripting/CCDC/linux-scripts/snoopy-2.5.1/doc'
make[2]: Nothing to be done for 'install-exec-am'.
make[2]: Nothing to be done for 'install-data-am'.
make[2]: Leaving directory '/home/kaich/Downloads/scripting/CCDC/linux-scripts/snoopy-2.5.1/doc'
make[1]: Leaving directory '/home/kaich/Downloads/scripting/CCDC/linux-scripts/snoopy-2.5.1/doc'
Making install in tests
make[1]: Entering directory '/home/kaich/Downloads/scripting/CCDC/linux-scripts/snoopy-2.5.1/tests'
Making install in bin
make[2]: Entering directory '/home/kaich/Downloads/scripting/CCDC/linux-scripts/snoopy-2.5.1/tests/bin'
make[3]: Entering directory '/home/kaich/Downloads/scripting/CCDC/linux-scripts/snoopy-2.5.1/tests/bin'
make[3]: Nothing to be done for 'install-exec-am'.
make[3]: Nothing to be done for 'install-data-am'.
make[3]: Leaving directory '/home/kaich/Downloads/scripting/CCDC/linux-scripts/snoopy-2.5.1/tests/bin'
make[2]: Leaving directory '/home/kaich/Downloads/scripting/CCDC/linux-scripts/snoopy-2.5.1/tests/bin'
Making install in cli
make[2]: Entering directory '/home/kaich/Downloads/scripting/CCDC/linux-scripts/snoopy-2.5.1/tests/cli'
make[3]: Entering directory '/home/kaich/Downloads/scripting/CCDC/linux-scripts/snoopy-2.5.1/tests/cli'
make[3]: Nothing to be done for 'install-exec-am'.
make[3]: Nothing to be done for 'install-data-am'.
make[3]: Leaving directory '/home/kaich/Downloads/scripting/CCDC/linux-scripts/snoopy-2.5.1/tests/cli'
make[2]: Leaving directory '/home/kaich/Downloads/scripting/CCDC/linux-scripts/snoopy-2.5.1/tests/cli'
Making install in configfile
make[2]: Entering directory '/home/kaich/Downloads/scripting/CCDC/linux-scripts/snoopy-2.5.1/tests/configfile'
make[3]: Entering directory '/home/kaich/Downloads/scripting/CCDC/linux-scripts/snoopy-2.5.1/tests/configfile'
make[3]: Nothing to be done for 'install-exec-am'.
make[3]: Nothing to be done for 'install-data-am'.
make[3]: Leaving directory '/home/kaich/Downloads/scripting/CCDC/linux-scripts/snoopy-2.5.1/tests/configfile'
make[2]: Leaving directory '/home/kaich/Downloads/scripting/CCDC/linux-scripts/snoopy-2.5.1/tests/configfile'
Making install in datasource
make[2]: Entering directory '/home/kaich/Downloads/scripting/CCDC/linux-scripts/snoopy-2.5.1/tests/datasource'
make[3]: Entering directory '/home/kaich/Downloads/scripting/CCDC/linux-scripts/snoopy-2.5.1/tests/datasource'
make[3]: Nothing to be done for 'install-exec-am'.
make[3]: Nothing to be done for 'install-data-am'.
make[3]: Leaving directory '/home/kaich/Downloads/scripting/CCDC/linux-scripts/snoopy-2.5.1/tests/datasource'
make[2]: Leaving directory '/home/kaich/Downloads/scripting/CCDC/linux-scripts/snoopy-2.5.1/tests/datasource'
Making install in filter
make[2]: Entering directory '/home/kaich/Downloads/scripting/CCDC/linux-scripts/snoopy-2.5.1/tests/filter'
make[3]: Entering directory '/home/kaich/Downloads/scripting/CCDC/linux-scripts/snoopy-2.5.1/tests/filter'
make[3]: Nothing to be done for 'install-exec-am'.
make[3]: Nothing to be done for 'install-data-am'.
make[3]: Leaving directory '/home/kaich/Downloads/scripting/CCDC/linux-scripts/snoopy-2.5.1/tests/filter'
make[2]: Leaving directory '/home/kaich/Downloads/scripting/CCDC/linux-scripts/snoopy-2.5.1/tests/filter'
Making install in general
make[2]: Entering directory '/home/kaich/Downloads/scripting/CCDC/linux-scripts/snoopy-2.5.1/tests/general'
make[3]: Entering directory '/home/kaich/Downloads/scripting/CCDC/linux-scripts/snoopy-2.5.1/tests/general'
make[3]: Nothing to be done for 'install-exec-am'.
make[3]: Nothing to be done for 'install-data-am'.
make[3]: Leaving directory '/home/kaich/Downloads/scripting/CCDC/linux-scripts/snoopy-2.5.1/tests/general'
make[2]: Leaving directory '/home/kaich/Downloads/scripting/CCDC/linux-scripts/snoopy-2.5.1/tests/general'
Making install in message
make[2]: Entering directory '/home/kaich/Downloads/scripting/CCDC/linux-scripts/snoopy-2.5.1/tests/message'
make[3]: Entering directory '/home/kaich/Downloads/scripting/CCDC/linux-scripts/snoopy-2.5.1/tests/message'
make[3]: Nothing to be done for 'install-exec-am'.
make[3]: Nothing to be done for 'install-data-am'.
make[3]: Leaving directory '/home/kaich/Downloads/scripting/CCDC/linux-scripts/snoopy-2.5.1/tests/message'
make[2]: Leaving directory '/home/kaich/Downloads/scripting/CCDC/linux-scripts/snoopy-2.5.1/tests/message'
Making install in output
make[2]: Entering directory '/home/kaich/Downloads/scripting/CCDC/linux-scripts/snoopy-2.5.1/tests/output'
make[3]: Entering directory '/home/kaich/Downloads/scripting/CCDC/linux-scripts/snoopy-2.5.1/tests/output'
make[3]: Nothing to be done for 'install-exec-am'.
make[3]: Nothing to be done for 'install-data-am'.
make[3]: Leaving directory '/home/kaich/Downloads/scripting/CCDC/linux-scripts/snoopy-2.5.1/tests/output'
make[2]: Leaving directory '/home/kaich/Downloads/scripting/CCDC/linux-scripts/snoopy-2.5.1/tests/output'
Making install in threads
make[2]: Entering directory '/home/kaich/Downloads/scripting/CCDC/linux-scripts/snoopy-2.5.1/tests/threads'
make[3]: Entering directory '/home/kaich/Downloads/scripting/CCDC/linux-scripts/snoopy-2.5.1/tests/threads'
make[3]: Nothing to be done for 'install-exec-am'.
make[3]: Nothing to be done for 'install-data-am'.
make[3]: Leaving directory '/home/kaich/Downloads/scripting/CCDC/linux-scripts/snoopy-2.5.1/tests/threads'
make[2]: Leaving directory '/home/kaich/Downloads/scripting/CCDC/linux-scripts/snoopy-2.5.1/tests/threads'
Making install in unit
make[2]: Entering directory '/home/kaich/Downloads/scripting/CCDC/linux-scripts/snoopy-2.5.1/tests/unit'
make[3]: Entering directory '/home/kaich/Downloads/scripting/CCDC/linux-scripts/snoopy-2.5.1/tests/unit'
make[3]: Nothing to be done for 'install-exec-am'.
make[3]: Nothing to be done for 'install-data-am'.
make[3]: Leaving directory '/home/kaich/Downloads/scripting/CCDC/linux-scripts/snoopy-2.5.1/tests/unit'
make[2]: Leaving directory '/home/kaich/Downloads/scripting/CCDC/linux-scripts/snoopy-2.5.1/tests/unit'
Making install in combined
make[2]: Entering directory '/home/kaich/Downloads/scripting/CCDC/linux-scripts/snoopy-2.5.1/tests/combined'
make[3]: Entering directory '/home/kaich/Downloads/scripting/CCDC/linux-scripts/snoopy-2.5.1/tests/combined'
make[3]: Nothing to be done for 'install-exec-am'.
make[3]: Nothing to be done for 'install-data-am'.
make[3]: Leaving directory '/home/kaich/Downloads/scripting/CCDC/linux-scripts/snoopy-2.5.1/tests/combined'
make[2]: Leaving directory '/home/kaich/Downloads/scripting/CCDC/linux-scripts/snoopy-2.5.1/tests/combined'
make[2]: Entering directory '/home/kaich/Downloads/scripting/CCDC/linux-scripts/snoopy-2.5.1/tests'
make[3]: Entering directory '/home/kaich/Downloads/scripting/CCDC/linux-scripts/snoopy-2.5.1/tests'
make[3]: Nothing to be done for 'install-exec-am'.
make[3]: Nothing to be done for 'install-data-am'.
make[3]: Leaving directory '/home/kaich/Downloads/scripting/CCDC/linux-scripts/snoopy-2.5.1/tests'
make[2]: Leaving directory '/home/kaich/Downloads/scripting/CCDC/linux-scripts/snoopy-2.5.1/tests'
make[1]: Leaving directory '/home/kaich/Downloads/scripting/CCDC/linux-scripts/snoopy-2.5.1/tests'
make[1]: Entering directory '/home/kaich/Downloads/scripting/CCDC/linux-scripts/snoopy-2.5.1'
make[2]: Entering directory '/home/kaich/Downloads/scripting/CCDC/linux-scripts/snoopy-2.5.1'
make[2]: Nothing to be done for 'install-exec-am'.
make[2]: Nothing to be done for 'install-data-am'.
make[2]: Leaving directory '/home/kaich/Downloads/scripting/CCDC/linux-scripts/snoopy-2.5.1'
make[1]: Leaving directory '/home/kaich/Downloads/scripting/CCDC/linux-scripts/snoopy-2.5.1'
done.
SNOOPY INSTALL: Enabling... Making install in etc
make[1]: Entering directory '/home/kaich/Downloads/scripting/CCDC/linux-scripts/snoopy-2.5.1/etc'
make[2]: Entering directory '/home/kaich/Downloads/scripting/CCDC/linux-scripts/snoopy-2.5.1/etc'
if [ ! -f /etc/snoopy.ini ]; then \
    echo ; \
    echo "Installing configuration file: /etc/snoopy.ini" ; \
    echo ; \
    if [ ! -e /etc ]; then \
        install -d /etc ; \
    fi ; \
    install -m 644 snoopy.ini /etc/snoopy.ini ; \
else \
    if diff -u snoopy.ini /etc/snoopy.ini; then \
        echo ; \
        echo "No changes to configuration file are required: /etc/snoopy.ini" ; \
        echo ; \
    else \
        install -m 644 snoopy.ini /etc/snoopy.ini.NEW ; \
        echo ; \
        echo "Existing config file: /etc/snoopy.ini" ; \
        echo "     New config file: /etc/snoopy.ini.NEW" ; \
        echo ; \
        echo "WARNING: CONFIGURATION FILE CHANGES NEED MANUAL REVIEW" ; \
        echo ; \
    fi ; \
fi ; \
if [ -f /etc/snoopy.ini ]; then \
    if [ -x /etc/snoopy.ini ]; then \
        chmod 644 /etc/snoopy.ini ; \
    fi ; \
fi ; \
if [ -f /etc/snoopy.ini.NEW ]; then \
    if [ -x /etc/snoopy.ini.NEW ]; then \
        chmod 644 /etc/snoopy.ini.NEW ; \
    fi ; \
fi ;

No changes to configuration file are required: /etc/snoopy.ini

make[2]: Nothing to be done for 'install-data-am'.
make[2]: Leaving directory '/home/kaich/Downloads/scripting/CCDC/linux-scripts/snoopy-2.5.1/etc'
make[1]: Leaving directory '/home/kaich/Downloads/scripting/CCDC/linux-scripts/snoopy-2.5.1/etc'
Making install in lib
make[1]: Entering directory '/home/kaich/Downloads/scripting/CCDC/linux-scripts/snoopy-2.5.1/lib'
Making install in inih
make[2]: Entering directory '/home/kaich/Downloads/scripting/CCDC/linux-scripts/snoopy-2.5.1/lib/inih'
Making install in src
make[3]: Entering directory '/home/kaich/Downloads/scripting/CCDC/linux-scripts/snoopy-2.5.1/lib/inih/src'
make[4]: Entering directory '/home/kaich/Downloads/scripting/CCDC/linux-scripts/snoopy-2.5.1/lib/inih/src'
make[4]: Nothing to be done for 'install-exec-am'.
make[4]: Nothing to be done for 'install-data-am'.
make[4]: Leaving directory '/home/kaich/Downloads/scripting/CCDC/linux-scripts/snoopy-2.5.1/lib/inih/src'
make[3]: Leaving directory '/home/kaich/Downloads/scripting/CCDC/linux-scripts/snoopy-2.5.1/lib/inih/src'
make[3]: Entering directory '/home/kaich/Downloads/scripting/CCDC/linux-scripts/snoopy-2.5.1/lib/inih'
make[4]: Entering directory '/home/kaich/Downloads/scripting/CCDC/linux-scripts/snoopy-2.5.1/lib/inih'
make[4]: Nothing to be done for 'install-exec-am'.
make[4]: Nothing to be done for 'install-data-am'.
make[4]: Leaving directory '/home/kaich/Downloads/scripting/CCDC/linux-scripts/snoopy-2.5.1/lib/inih'
make[3]: Leaving directory '/home/kaich/Downloads/scripting/CCDC/linux-scripts/snoopy-2.5.1/lib/inih'
make[2]: Leaving directory '/home/kaich/Downloads/scripting/CCDC/linux-scripts/snoopy-2.5.1/lib/inih'
make[2]: Entering directory '/home/kaich/Downloads/scripting/CCDC/linux-scripts/snoopy-2.5.1/lib'
make[3]: Entering directory '/home/kaich/Downloads/scripting/CCDC/linux-scripts/snoopy-2.5.1/lib'
make[3]: Nothing to be done for 'install-exec-am'.
make[3]: Nothing to be done for 'install-data-am'.
make[3]: Leaving directory '/home/kaich/Downloads/scripting/CCDC/linux-scripts/snoopy-2.5.1/lib'
make[2]: Leaving directory '/home/kaich/Downloads/scripting/CCDC/linux-scripts/snoopy-2.5.1/lib'
make[1]: Leaving directory '/home/kaich/Downloads/scripting/CCDC/linux-scripts/snoopy-2.5.1/lib'
Making install in src
make[1]: Entering directory '/home/kaich/Downloads/scripting/CCDC/linux-scripts/snoopy-2.5.1/src'
Making install in util
make[2]: Entering directory '/home/kaich/Downloads/scripting/CCDC/linux-scripts/snoopy-2.5.1/src/util'
make[3]: Entering directory '/home/kaich/Downloads/scripting/CCDC/linux-scripts/snoopy-2.5.1/src/util'
make[3]: Nothing to be done for 'install-exec-am'.
make[3]: Nothing to be done for 'install-data-am'.
make[3]: Leaving directory '/home/kaich/Downloads/scripting/CCDC/linux-scripts/snoopy-2.5.1/src/util'
make[2]: Leaving directory '/home/kaich/Downloads/scripting/CCDC/linux-scripts/snoopy-2.5.1/src/util'
Making install in action
make[2]: Entering directory '/home/kaich/Downloads/scripting/CCDC/linux-scripts/snoopy-2.5.1/src/action'
make[3]: Entering directory '/home/kaich/Downloads/scripting/CCDC/linux-scripts/snoopy-2.5.1/src/action'
make[3]: Nothing to be done for 'install-exec-am'.
make[3]: Nothing to be done for 'install-data-am'.
make[3]: Leaving directory '/home/kaich/Downloads/scripting/CCDC/linux-scripts/snoopy-2.5.1/src/action'
make[2]: Leaving directory '/home/kaich/Downloads/scripting/CCDC/linux-scripts/snoopy-2.5.1/src/action'
Making install in cli
make[2]: Entering directory '/home/kaich/Downloads/scripting/CCDC/linux-scripts/snoopy-2.5.1/src/cli'
make[3]: Entering directory '/home/kaich/Downloads/scripting/CCDC/linux-scripts/snoopy-2.5.1/src/cli'
 /usr/bin/mkdir -p '/usr/local/sbin'
  /bin/bash ../../libtool   --mode=install /usr/bin/install -c snoopyctl '/usr/local/sbin'
libtool: install: /usr/bin/install -c snoopyctl /usr/local/sbin/snoopyctl
make[3]: Nothing to be done for 'install-data-am'.
make[3]: Leaving directory '/home/kaich/Downloads/scripting/CCDC/linux-scripts/snoopy-2.5.1/src/cli'
make[2]: Leaving directory '/home/kaich/Downloads/scripting/CCDC/linux-scripts/snoopy-2.5.1/src/cli'
Making install in entrypoint
make[2]: Entering directory '/home/kaich/Downloads/scripting/CCDC/linux-scripts/snoopy-2.5.1/src/entrypoint'
make[3]: Entering directory '/home/kaich/Downloads/scripting/CCDC/linux-scripts/snoopy-2.5.1/src/entrypoint'
make[3]: Nothing to be done for 'install-exec-am'.
make[3]: Nothing to be done for 'install-data-am'.
make[3]: Leaving directory '/home/kaich/Downloads/scripting/CCDC/linux-scripts/snoopy-2.5.1/src/entrypoint'
make[2]: Leaving directory '/home/kaich/Downloads/scripting/CCDC/linux-scripts/snoopy-2.5.1/src/entrypoint'
Making install in datasource
make[2]: Entering directory '/home/kaich/Downloads/scripting/CCDC/linux-scripts/snoopy-2.5.1/src/datasource'
make[3]: Entering directory '/home/kaich/Downloads/scripting/CCDC/linux-scripts/snoopy-2.5.1/src/datasource'
make[3]: Nothing to be done for 'install-exec-am'.
make[3]: Nothing to be done for 'install-data-am'.
make[3]: Leaving directory '/home/kaich/Downloads/scripting/CCDC/linux-scripts/snoopy-2.5.1/src/datasource'
make[2]: Leaving directory '/home/kaich/Downloads/scripting/CCDC/linux-scripts/snoopy-2.5.1/src/datasource'
Making install in filter
make[2]: Entering directory '/home/kaich/Downloads/scripting/CCDC/linux-scripts/snoopy-2.5.1/src/filter'
make[3]: Entering directory '/home/kaich/Downloads/scripting/CCDC/linux-scripts/snoopy-2.5.1/src/filter'
make[3]: Nothing to be done for 'install-exec-am'.
make[3]: Nothing to be done for 'install-data-am'.
make[3]: Leaving directory '/home/kaich/Downloads/scripting/CCDC/linux-scripts/snoopy-2.5.1/src/filter'
make[2]: Leaving directory '/home/kaich/Downloads/scripting/CCDC/linux-scripts/snoopy-2.5.1/src/filter'
Making install in output
make[2]: Entering directory '/home/kaich/Downloads/scripting/CCDC/linux-scripts/snoopy-2.5.1/src/output'
make[3]: Entering directory '/home/kaich/Downloads/scripting/CCDC/linux-scripts/snoopy-2.5.1/src/output'
make[3]: Nothing to be done for 'install-exec-am'.
make[3]: Nothing to be done for 'install-data-am'.
make[3]: Leaving directory '/home/kaich/Downloads/scripting/CCDC/linux-scripts/snoopy-2.5.1/src/output'
make[2]: Leaving directory '/home/kaich/Downloads/scripting/CCDC/linux-scripts/snoopy-2.5.1/src/output'
make[2]: Entering directory '/home/kaich/Downloads/scripting/CCDC/linux-scripts/snoopy-2.5.1/src'
make[3]: Entering directory '/home/kaich/Downloads/scripting/CCDC/linux-scripts/snoopy-2.5.1/src'
 /usr/bin/mkdir -p '/usr/local/lib'
 /bin/bash ../libtool   --mode=install /usr/bin/install -c   libsnoopy.la '/usr/local/lib'
libtool: install: /usr/bin/install -c .libs/libsnoopy.so.0.0.0 /usr/local/lib/libsnoopy.so.0.0.0
libtool: install: (cd /usr/local/lib && { ln -s -f libsnoopy.so.0.0.0 libsnoopy.so.0 || { rm -f libsnoopy.so.0 && ln -s libsnoopy.so.0.0.0 libsnoopy.so.0; }; })
libtool: install: (cd /usr/local/lib && { ln -s -f libsnoopy.so.0.0.0 libsnoopy.so || { rm -f libsnoopy.so && ln -s libsnoopy.so.0.0.0 libsnoopy.so; }; })
libtool: install: /usr/bin/install -c .libs/libsnoopy.lai /usr/local/lib/libsnoopy.la
libtool: finish: PATH="/usr/local/sbin:/usr/local/bin:/usr/sbin:/usr/bin:/sbin:/bin:/sbin" ldconfig -n /usr/local/lib
----------------------------------------------------------------------
Libraries have been installed in:
   /usr/local/lib

If you ever happen to want to link against installed libraries
in a given directory, LIBDIR, you must either use libtool, and
specify the full pathname of the library, or use the '-LLIBDIR'
flag during linking and do at least one of the following:
   - add LIBDIR to the 'LD_LIBRARY_PATH' environment variable
     during execution
   - add LIBDIR to the 'LD_RUN_PATH' environment variable
     during linking
   - use the '-Wl,-rpath -Wl,LIBDIR' linker flag
   - have your system administrator add LIBDIR to '/etc/ld.so.conf'

See any operating system documentation about shared libraries for
more information, such as the ld(1) and ld.so(8) manual pages.
----------------------------------------------------------------------
make[3]: Nothing to be done for 'install-data-am'.
make[3]: Leaving directory '/home/kaich/Downloads/scripting/CCDC/linux-scripts/snoopy-2.5.1/src'
make[2]: Leaving directory '/home/kaich/Downloads/scripting/CCDC/linux-scripts/snoopy-2.5.1/src'
make[1]: Leaving directory '/home/kaich/Downloads/scripting/CCDC/linux-scripts/snoopy-2.5.1/src'
Making install in doc
make[1]: Entering directory '/home/kaich/Downloads/scripting/CCDC/linux-scripts/snoopy-2.5.1/doc'
make[2]: Entering directory '/home/kaich/Downloads/scripting/CCDC/linux-scripts/snoopy-2.5.1/doc'
make[2]: Nothing to be done for 'install-exec-am'.
make[2]: Nothing to be done for 'install-data-am'.
make[2]: Leaving directory '/home/kaich/Downloads/scripting/CCDC/linux-scripts/snoopy-2.5.1/doc'
make[1]: Leaving directory '/home/kaich/Downloads/scripting/CCDC/linux-scripts/snoopy-2.5.1/doc'
Making install in tests
make[1]: Entering directory '/home/kaich/Downloads/scripting/CCDC/linux-scripts/snoopy-2.5.1/tests'
Making install in bin
make[2]: Entering directory '/home/kaich/Downloads/scripting/CCDC/linux-scripts/snoopy-2.5.1/tests/bin'
make[3]: Entering directory '/home/kaich/Downloads/scripting/CCDC/linux-scripts/snoopy-2.5.1/tests/bin'
make[3]: Nothing to be done for 'install-exec-am'.
make[3]: Nothing to be done for 'install-data-am'.
make[3]: Leaving directory '/home/kaich/Downloads/scripting/CCDC/linux-scripts/snoopy-2.5.1/tests/bin'
make[2]: Leaving directory '/home/kaich/Downloads/scripting/CCDC/linux-scripts/snoopy-2.5.1/tests/bin'
Making install in cli
make[2]: Entering directory '/home/kaich/Downloads/scripting/CCDC/linux-scripts/snoopy-2.5.1/tests/cli'
make[3]: Entering directory '/home/kaich/Downloads/scripting/CCDC/linux-scripts/snoopy-2.5.1/tests/cli'
make[3]: Nothing to be done for 'install-exec-am'.
make[3]: Nothing to be done for 'install-data-am'.
make[3]: Leaving directory '/home/kaich/Downloads/scripting/CCDC/linux-scripts/snoopy-2.5.1/tests/cli'
make[2]: Leaving directory '/home/kaich/Downloads/scripting/CCDC/linux-scripts/snoopy-2.5.1/tests/cli'
Making install in configfile
make[2]: Entering directory '/home/kaich/Downloads/scripting/CCDC/linux-scripts/snoopy-2.5.1/tests/configfile'
make[3]: Entering directory '/home/kaich/Downloads/scripting/CCDC/linux-scripts/snoopy-2.5.1/tests/configfile'
make[3]: Nothing to be done for 'install-exec-am'.
make[3]: Nothing to be done for 'install-data-am'.
make[3]: Leaving directory '/home/kaich/Downloads/scripting/CCDC/linux-scripts/snoopy-2.5.1/tests/configfile'
make[2]: Leaving directory '/home/kaich/Downloads/scripting/CCDC/linux-scripts/snoopy-2.5.1/tests/configfile'
Making install in datasource
make[2]: Entering directory '/home/kaich/Downloads/scripting/CCDC/linux-scripts/snoopy-2.5.1/tests/datasource'
make[3]: Entering directory '/home/kaich/Downloads/scripting/CCDC/linux-scripts/snoopy-2.5.1/tests/datasource'
make[3]: Nothing to be done for 'install-exec-am'.
make[3]: Nothing to be done for 'install-data-am'.
make[3]: Leaving directory '/home/kaich/Downloads/scripting/CCDC/linux-scripts/snoopy-2.5.1/tests/datasource'
make[2]: Leaving directory '/home/kaich/Downloads/scripting/CCDC/linux-scripts/snoopy-2.5.1/tests/datasource'
Making install in filter
make[2]: Entering directory '/home/kaich/Downloads/scripting/CCDC/linux-scripts/snoopy-2.5.1/tests/filter'
make[3]: Entering directory '/home/kaich/Downloads/scripting/CCDC/linux-scripts/snoopy-2.5.1/tests/filter'
make[3]: Nothing to be done for 'install-exec-am'.
make[3]: Nothing to be done for 'install-data-am'.
make[3]: Leaving directory '/home/kaich/Downloads/scripting/CCDC/linux-scripts/snoopy-2.5.1/tests/filter'
make[2]: Leaving directory '/home/kaich/Downloads/scripting/CCDC/linux-scripts/snoopy-2.5.1/tests/filter'
Making install in general
make[2]: Entering directory '/home/kaich/Downloads/scripting/CCDC/linux-scripts/snoopy-2.5.1/tests/general'
make[3]: Entering directory '/home/kaich/Downloads/scripting/CCDC/linux-scripts/snoopy-2.5.1/tests/general'
make[3]: Nothing to be done for 'install-exec-am'.
make[3]: Nothing to be done for 'install-data-am'.
make[3]: Leaving directory '/home/kaich/Downloads/scripting/CCDC/linux-scripts/snoopy-2.5.1/tests/general'
make[2]: Leaving directory '/home/kaich/Downloads/scripting/CCDC/linux-scripts/snoopy-2.5.1/tests/general'
Making install in message
make[2]: Entering directory '/home/kaich/Downloads/scripting/CCDC/linux-scripts/snoopy-2.5.1/tests/message'
make[3]: Entering directory '/home/kaich/Downloads/scripting/CCDC/linux-scripts/snoopy-2.5.1/tests/message'
make[3]: Nothing to be done for 'install-exec-am'.
make[3]: Nothing to be done for 'install-data-am'.
make[3]: Leaving directory '/home/kaich/Downloads/scripting/CCDC/linux-scripts/snoopy-2.5.1/tests/message'
make[2]: Leaving directory '/home/kaich/Downloads/scripting/CCDC/linux-scripts/snoopy-2.5.1/tests/message'
Making install in output
make[2]: Entering directory '/home/kaich/Downloads/scripting/CCDC/linux-scripts/snoopy-2.5.1/tests/output'
make[3]: Entering directory '/home/kaich/Downloads/scripting/CCDC/linux-scripts/snoopy-2.5.1/tests/output'
make[3]: Nothing to be done for 'install-exec-am'.
make[3]: Nothing to be done for 'install-data-am'.
make[3]: Leaving directory '/home/kaich/Downloads/scripting/CCDC/linux-scripts/snoopy-2.5.1/tests/output'
make[2]: Leaving directory '/home/kaich/Downloads/scripting/CCDC/linux-scripts/snoopy-2.5.1/tests/output'
Making install in threads
make[2]: Entering directory '/home/kaich/Downloads/scripting/CCDC/linux-scripts/snoopy-2.5.1/tests/threads'
make[3]: Entering directory '/home/kaich/Downloads/scripting/CCDC/linux-scripts/snoopy-2.5.1/tests/threads'
make[3]: Nothing to be done for 'install-exec-am'.
make[3]: Nothing to be done for 'install-data-am'.
make[3]: Leaving directory '/home/kaich/Downloads/scripting/CCDC/linux-scripts/snoopy-2.5.1/tests/threads'
make[2]: Leaving directory '/home/kaich/Downloads/scripting/CCDC/linux-scripts/snoopy-2.5.1/tests/threads'
Making install in unit
make[2]: Entering directory '/home/kaich/Downloads/scripting/CCDC/linux-scripts/snoopy-2.5.1/tests/unit'
make[3]: Entering directory '/home/kaich/Downloads/scripting/CCDC/linux-scripts/snoopy-2.5.1/tests/unit'
make[3]: Nothing to be done for 'install-exec-am'.
make[3]: Nothing to be done for 'install-data-am'.
make[3]: Leaving directory '/home/kaich/Downloads/scripting/CCDC/linux-scripts/snoopy-2.5.1/tests/unit'
make[2]: Leaving directory '/home/kaich/Downloads/scripting/CCDC/linux-scripts/snoopy-2.5.1/tests/unit'
Making install in combined
make[2]: Entering directory '/home/kaich/Downloads/scripting/CCDC/linux-scripts/snoopy-2.5.1/tests/combined'
make[3]: Entering directory '/home/kaich/Downloads/scripting/CCDC/linux-scripts/snoopy-2.5.1/tests/combined'
make[3]: Nothing to be done for 'install-exec-am'.
make[3]: Nothing to be done for 'install-data-am'.
make[3]: Leaving directory '/home/kaich/Downloads/scripting/CCDC/linux-scripts/snoopy-2.5.1/tests/combined'
make[2]: Leaving directory '/home/kaich/Downloads/scripting/CCDC/linux-scripts/snoopy-2.5.1/tests/combined'
make[2]: Entering directory '/home/kaich/Downloads/scripting/CCDC/linux-scripts/snoopy-2.5.1/tests'
make[3]: Entering directory '/home/kaich/Downloads/scripting/CCDC/linux-scripts/snoopy-2.5.1/tests'
make[3]: Nothing to be done for 'install-exec-am'.
make[3]: Nothing to be done for 'install-data-am'.
make[3]: Leaving directory '/home/kaich/Downloads/scripting/CCDC/linux-scripts/snoopy-2.5.1/tests'
make[2]: Leaving directory '/home/kaich/Downloads/scripting/CCDC/linux-scripts/snoopy-2.5.1/tests'
make[1]: Leaving directory '/home/kaich/Downloads/scripting/CCDC/linux-scripts/snoopy-2.5.1/tests'
make[1]: Entering directory '/home/kaich/Downloads/scripting/CCDC/linux-scripts/snoopy-2.5.1'
make[2]: Entering directory '/home/kaich/Downloads/scripting/CCDC/linux-scripts/snoopy-2.5.1'
make[2]: Nothing to be done for 'install-exec-am'.
make[2]: Nothing to be done for 'install-data-am'.
make[2]: Leaving directory '/home/kaich/Downloads/scripting/CCDC/linux-scripts/snoopy-2.5.1'
make[1]: Leaving directory '/home/kaich/Downloads/scripting/CCDC/linux-scripts/snoopy-2.5.1'
/usr/local/sbin/snoopyctl enable
[DIAG] ld.so.preload path: '(null)'
[DIAG] Snoopy library path: '/usr/local/lib/libsnoopy.so'
SUCCESS: Snoopy has been enabled.
done.
